@!@!@STARTMSG 2262:0 @!@!@
TLC2 Version 2.14 of 10 July 2019
@!@!@ENDMSG 2262 @!@!@
@!@!@STARTMSG 2187:0 @!@!@
Running breadth-first search Model-Checking with fp 99 and seed 1747809813591339242 with 4 workers on 4 cores with 1212MB heap and 2723MB offheap memory [pid: 17964] (Windows 10 10.0 amd64, AdoptOpenJDK 11.0.3 x86_64, OffHeapDiskFPSet, DiskStateQueue).
@!@!@ENDMSG 2187 @!@!@
@!@!@STARTMSG 2220:0 @!@!@
Starting SANY...
@!@!@ENDMSG 2220 @!@!@
Parsing file C:\Users\wang\Desktop\proj\benor.toolbox\Model_1\MC.tla
Parsing file C:\Users\wang\Desktop\proj\benor.toolbox\Model_1\benor.tla
Parsing file C:\Users\wang\Desktop\toolbox\plugins\org.lamport.tlatools_1.0.0.201907102009\tla2sany\StandardModules\TLC.tla
Parsing file C:\Users\wang\Desktop\toolbox\plugins\org.lamport.tlatools_1.0.0.201907102009\tla2sany\StandardModules\Integers.tla
Parsing file C:\Users\wang\Desktop\toolbox\plugins\org.lamport.tlatools_1.0.0.201907102009\tla2sany\StandardModules\FiniteSets.tla
Parsing file C:\Users\wang\Desktop\toolbox\plugins\org.lamport.tlatools_1.0.0.201907102009\tla2sany\StandardModules\Naturals.tla
Parsing file C:\Users\wang\Desktop\toolbox\plugins\org.lamport.tlatools_1.0.0.201907102009\tla2sany\StandardModules\Sequences.tla
Semantic processing of module Naturals
Semantic processing of module Integers
Semantic processing of module Sequences
Semantic processing of module FiniteSets
Semantic processing of module benor
Semantic processing of module TLC
Semantic processing of module MC
@!@!@STARTMSG 2219:0 @!@!@
SANY finished.
@!@!@ENDMSG 2219 @!@!@
@!@!@STARTMSG 2185:0 @!@!@
Starting... (2019-11-19 16:36:58)
@!@!@ENDMSG 2185 @!@!@
@!@!@STARTMSG 2189:0 @!@!@
Computing initial states...
@!@!@ENDMSG 2189 @!@!@
@!@!@STARTMSG 2190:0 @!@!@
Finished computing initial states: 1 distinct state generated at 2019-11-19 16:36:59.
@!@!@ENDMSG 2190 @!@!@
@!@!@STARTMSG 2200:0 @!@!@
Progress(27) at 2019-11-19 16:37:02: 109,282 states generated (109,282 s/min), 39,331 distinct states found (39,331 ds/min), 7,931 states left on queue.
@!@!@ENDMSG 2200 @!@!@
@!@!@STARTMSG 2200:0 @!@!@
Progress(43) at 2019-11-19 16:38:02: 3,039,758 states generated (2,930,476 s/min), 1,059,321 distinct states found (1,019,990 ds/min), 185,320 states left on queue.
@!@!@ENDMSG 2200 @!@!@
@!@!@STARTMSG 2200:0 @!@!@
Progress(47) at 2019-11-19 16:39:02: 5,785,489 states generated (2,745,731 s/min), 2,000,464 distinct states found (941,143 ds/min), 330,855 states left on queue.
@!@!@ENDMSG 2200 @!@!@
@!@!@STARTMSG 2200:0 @!@!@
Progress(49) at 2019-11-19 16:40:02: 8,494,161 states generated (2,708,672 s/min), 2,916,156 distinct states found (915,692 ds/min), 443,760 states left on queue.
@!@!@ENDMSG 2200 @!@!@
@!@!@STARTMSG 2201:0 @!@!@
The coverage statistics at 2019-11-19 16:40:02
@!@!@ENDMSG 2201 @!@!@
@!@!@STARTMSG 2773:0 @!@!@
<Init line 66, col 1 to line 66, col 4 of module benor>: 1:1
@!@!@ENDMSG 2773 @!@!@
@!@!@STARTMSG 2221:0 @!@!@
  line 67, col 9 to line 73, col 42 of module benor: 1
@!@!@ENDMSG 2221 @!@!@
@!@!@STARTMSG 2772:0 @!@!@
<A line 75, col 1 to line 75, col 7 of module benor>: 1164277:3455543
@!@!@ENDMSG 2772 @!@!@
@!@!@STARTMSG 2221:0 @!@!@
  line 75, col 15 to line 75, col 28 of module benor: 13361794
@!@!@ENDMSG 2221 @!@!@
@!@!@STARTMSG 2221:0 @!@!@
  |line 75, col 15 to line 75, col 22 of module benor: 9906247
@!@!@ENDMSG 2221 @!@!@
@!@!@STARTMSG 2221:0 @!@!@
  ||line 75, col 15 to line 75, col 16 of module benor: 9906247
@!@!@ENDMSG 2221 @!@!@
@!@!@STARTMSG 2221:0 @!@!@
  ||line 75, col 18 to line 75, col 21 of module benor: 9906248
@!@!@ENDMSG 2221 @!@!@
@!@!@STARTMSG 2221:0 @!@!@
  line 76, col 18 to line 76, col 35 of module benor: 3455548
@!@!@ENDMSG 2221 @!@!@
@!@!@STARTMSG 2221:0 @!@!@
  |line 76, col 18 to line 76, col 24 of module benor: 3455549
@!@!@ENDMSG 2221 @!@!@
@!@!@STARTMSG 2221:0 @!@!@
  |line 76, col 28 to line 76, col 35 of module benor: 3455549
@!@!@ENDMSG 2221 @!@!@
@!@!@STARTMSG 2221:0 @!@!@
  line 77, col 26 to line 77, col 62 of module benor: 2811841
@!@!@ENDMSG 2221 @!@!@
@!@!@STARTMSG 2221:0 @!@!@
  line 78, col 26 to line 78, col 133 of module benor: 2811841
@!@!@ENDMSG 2221 @!@!@
@!@!@STARTMSG 2221:0 @!@!@
  |line 78, col 36 to line 78, col 132 of module benor: 2811841
@!@!@ENDMSG 2221 @!@!@
@!@!@STARTMSG 2221:0 @!@!@
  ||line 78, col 36 to line 78, col 40 of module benor: 2811842
@!@!@ENDMSG 2221 @!@!@
@!@!@STARTMSG 2775:0 @!@!@
  ||line 78, col 49 to line 78, col 132 of module benor: 2811842:14059210
@!@!@ENDMSG 2775 @!@!@
@!@!@STARTMSG 2221:0 @!@!@
  |||line 78, col 50 to line 78, col 114 of module benor: 11247368
@!@!@ENDMSG 2221 @!@!@
@!@!@STARTMSG 2221:0 @!@!@
  ||||line 78, col 51 to line 78, col 65 of module benor: 11247344
@!@!@ENDMSG 2221 @!@!@
@!@!@STARTMSG 2221:0 @!@!@
  ||||line 78, col 68 to line 78, col 85 of module benor: 11247344
@!@!@ENDMSG 2221 @!@!@
@!@!@STARTMSG 2221:0 @!@!@
  ||||line 78, col 98 to line 78, col 113 of module benor: 11247372
@!@!@ENDMSG 2221 @!@!@
@!@!@STARTMSG 2221:0 @!@!@
  |||||line 78, col 100 to line 78, col 103 of module benor: 11247372
@!@!@ENDMSG 2221 @!@!@
@!@!@STARTMSG 2221:0 @!@!@
  |||||line 78, col 105 to line 78, col 111 of module benor: 11247372
@!@!@ENDMSG 2221 @!@!@
@!@!@STARTMSG 2221:0 @!@!@
  |||line 78, col 127 to line 78, col 131 of module benor: 2811843
@!@!@ENDMSG 2221 @!@!@
@!@!@STARTMSG 2221:0 @!@!@
  line 79, col 26 to line 79, col 57 of module benor: 2811844
@!@!@ENDMSG 2221 @!@!@
@!@!@STARTMSG 2221:0 @!@!@
  line 80, col 26 to line 80, col 59 of module benor: 643709
@!@!@ENDMSG 2221 @!@!@
@!@!@STARTMSG 2221:0 @!@!@
  line 81, col 26 to line 81, col 49 of module benor: 643709
@!@!@ENDMSG 2221 @!@!@
@!@!@STARTMSG 2221:0 @!@!@
  line 82, col 15 to line 82, col 47 of module benor: 3455547
@!@!@ENDMSG 2221 @!@!@
@!@!@STARTMSG 2772:0 @!@!@
<P1 line 84, col 1 to line 84, col 8 of module benor>: 917074:2259382
@!@!@ENDMSG 2772 @!@!@
@!@!@STARTMSG 2221:0 @!@!@
  line 84, col 16 to line 84, col 30 of module benor: 12165656
@!@!@ENDMSG 2221 @!@!@
@!@!@STARTMSG 2221:0 @!@!@
  |line 84, col 16 to line 84, col 23 of module benor: 9906273
@!@!@ENDMSG 2221 @!@!@
@!@!@STARTMSG 2221:0 @!@!@
  line 85, col 17 to line 85, col 98 of module benor: 2259383
@!@!@ENDMSG 2221 @!@!@
@!@!@STARTMSG 2221:0 @!@!@
  |line 85, col 17 to line 85, col 87 of module benor: 2801326
@!@!@ENDMSG 2221 @!@!@
@!@!@STARTMSG 2221:0 @!@!@
  ||line 85, col 29 to line 85, col 86 of module benor: 2801326
@!@!@ENDMSG 2221 @!@!@
@!@!@STARTMSG 2221:0 @!@!@
  |||line 85, col 46 to line 85, col 85 of module benor: 170793824
@!@!@ENDMSG 2221 @!@!@
@!@!@STARTMSG 2221:0 @!@!@
  ||||line 85, col 46 to line 85, col 62 of module benor: 170793824
@!@!@ENDMSG 2221 @!@!@
@!@!@STARTMSG 2221:0 @!@!@
  ||||line 85, col 67 to line 85, col 85 of module benor: 42698473
@!@!@ENDMSG 2221 @!@!@
@!@!@STARTMSG 2221:0 @!@!@
  |||line 85, col 38 to line 85, col 42 of module benor: 2803099
@!@!@ENDMSG 2221 @!@!@
@!@!@STARTMSG 2221:0 @!@!@
  |line 85, col 93 to line 85, col 97 of module benor: 2803099
@!@!@ENDMSG 2221 @!@!@
@!@!@STARTMSG 2221:0 @!@!@
  line 86, col 16 to line 88, col 98 of module benor: 2261063
@!@!@ENDMSG 2221 @!@!@
@!@!@STARTMSG 2221:0 @!@!@
  |line 86, col 26 to line 88, col 97 of module benor: 2261063
@!@!@ENDMSG 2221 @!@!@
@!@!@STARTMSG 2221:0 @!@!@
  ||line 86, col 26 to line 86, col 30 of module benor: 2261063
@!@!@ENDMSG 2221 @!@!@
@!@!@STARTMSG 2775:0 @!@!@
  ||line 86, col 39 to line 88, col 97 of module benor: 2261063:11305315
@!@!@ENDMSG 2775 @!@!@
@!@!@STARTMSG 2221:0 @!@!@
  |||line 86, col 40 to line 86, col 97 of module benor: 9044252
@!@!@ENDMSG 2221 @!@!@
@!@!@STARTMSG 2221:0 @!@!@
  |||line 86, col 110 to line 86, col 114 of module benor: 2261063
@!@!@ENDMSG 2221 @!@!@
@!@!@STARTMSG 2221:0 @!@!@
  |||line 87, col 47 to line 88, col 96 of module benor: 2261063
@!@!@ENDMSG 2221 @!@!@
@!@!@STARTMSG 2221:0 @!@!@
  ||||line 87, col 50 to line 87, col 101 of module benor: 2261063
@!@!@ENDMSG 2221 @!@!@
@!@!@STARTMSG 2221:0 @!@!@
  |||||line 87, col 50 to line 87, col 97 of module benor: 2261063
@!@!@ENDMSG 2221 @!@!@
@!@!@STARTMSG 2221:0 @!@!@
  ||||||line 87, col 62 to line 87, col 96 of module benor: 2261063
@!@!@ENDMSG 2221 @!@!@
@!@!@STARTMSG 2221:0 @!@!@
  |||||||line 57, col 24 to line 58, col 79 of module benor: 2261063
@!@!@ENDMSG 2221 @!@!@
@!@!@STARTMSG 2221:0 @!@!@
  ||||||||line 57, col 38 to line 58, col 78 of module benor: 4522126
@!@!@ENDMSG 2221 @!@!@
@!@!@STARTMSG 2221:0 @!@!@
  |||||||||line 57, col 38 to line 58, col 74 of module benor: 4522126
@!@!@ENDMSG 2221 @!@!@
@!@!@STARTMSG 2221:0 @!@!@
  ||||||||||line 57, col 50 to line 58, col 73 of module benor: 4522126
@!@!@ENDMSG 2221 @!@!@
@!@!@STARTMSG 2221:0 @!@!@
  |||||||||||line 57, col 64 to line 58, col 72 of module benor: 277931312
@!@!@ENDMSG 2221 @!@!@
@!@!@STARTMSG 2221:0 @!@!@
  ||||||||||||line 57, col 64 to line 58, col 52 of module benor: 277931312
@!@!@ENDMSG 2221 @!@!@
@!@!@STARTMSG 2221:0 @!@!@
  |||||||||||||line 57, col 64 to line 57, col 80 of module benor: 277931312
@!@!@ENDMSG 2221 @!@!@
@!@!@STARTMSG 2221:0 @!@!@
  ||||||||||||||line 57, col 64 to line 57, col 73 of module benor: 277931312
@!@!@ENDMSG 2221 @!@!@
@!@!@STARTMSG 2221:0 @!@!@
  ||||||||||||||line 57, col 77 to line 57, col 80 of module benor: 277931312
@!@!@ENDMSG 2221 @!@!@
@!@!@STARTMSG 2221:0 @!@!@
  |||||||||||||line 58, col 40 to line 58, col 52 of module benor: 69482843
@!@!@ENDMSG 2221 @!@!@
@!@!@STARTMSG 2221:0 @!@!@
  ||||||||||||line 58, col 57 to line 58, col 72 of module benor: 13740248
@!@!@ENDMSG 2221 @!@!@
@!@!@STARTMSG 2221:0 @!@!@
  |||||||||||line 57, col 59 to line 57, col 60 of module benor: 4522128
@!@!@ENDMSG 2221 @!@!@
@!@!@STARTMSG 2221:0 @!@!@
  |||||||||line 58, col 78 to line 58, col 78 of module benor: 4522128
@!@!@ENDMSG 2221 @!@!@
@!@!@STARTMSG 2221:0 @!@!@
  ||||||||line 57, col 31 to line 57, col 34 of module benor: 2261064
@!@!@ENDMSG 2221 @!@!@
@!@!@STARTMSG 2221:0 @!@!@
  |||||||line 87, col 69 to line 87, col 73 of module benor: 2261064
@!@!@ENDMSG 2221 @!@!@
@!@!@STARTMSG 2221:0 @!@!@
  |||||||line 87, col 75 to line 87, col 78 of module benor: 2261064
@!@!@ENDMSG 2221 @!@!@
@!@!@STARTMSG 2221:0 @!@!@
  |||||||line 87, col 80 to line 87, col 86 of module benor: 2261064
@!@!@ENDMSG 2221 @!@!@
@!@!@STARTMSG 2221:0 @!@!@
  |||||||line 87, col 88 to line 87, col 95 of module benor: 2261064
@!@!@ENDMSG 2221 @!@!@
@!@!@STARTMSG 2775:0 @!@!@
  ||||line 88, col 93 to line 88, col 96 of module benor: 2261064:4522128
@!@!@ENDMSG 2775 @!@!@
@!@!@STARTMSG 2221:0 @!@!@
  line 89, col 16 to line 89, col 47 of module benor: 2261065
@!@!@ENDMSG 2221 @!@!@
@!@!@STARTMSG 2221:0 @!@!@
  line 90, col 16 to line 90, col 51 of module benor: 2259383
@!@!@ENDMSG 2221 @!@!@
@!@!@STARTMSG 2772:0 @!@!@
<P2 line 92, col 1 to line 92, col 8 of module benor>: 840513:2795453
@!@!@ENDMSG 2772 @!@!@
@!@!@STARTMSG 2221:0 @!@!@
  line 92, col 16 to line 92, col 30 of module benor: 12708459
@!@!@ENDMSG 2221 @!@!@
@!@!@STARTMSG 2221:0 @!@!@
  |line 92, col 16 to line 92, col 23 of module benor: 9927562
@!@!@ENDMSG 2221 @!@!@
@!@!@STARTMSG 2221:0 @!@!@
  line 93, col 17 to line 93, col 98 of module benor: 2799289
@!@!@ENDMSG 2221 @!@!@
@!@!@STARTMSG 2221:0 @!@!@
  |line 93, col 17 to line 93, col 87 of module benor: 3200166
@!@!@ENDMSG 2221 @!@!@
@!@!@STARTMSG 2221:0 @!@!@
  ||line 93, col 29 to line 93, col 86 of module benor: 3200166
@!@!@ENDMSG 2221 @!@!@
@!@!@STARTMSG 2221:0 @!@!@
  |||line 93, col 46 to line 93, col 85 of module benor: 180433812
@!@!@ENDMSG 2221 @!@!@
@!@!@STARTMSG 2221:0 @!@!@
  ||||line 93, col 46 to line 93, col 62 of module benor: 180433812
@!@!@ENDMSG 2221 @!@!@
@!@!@STARTMSG 2221:0 @!@!@
  ||||line 93, col 67 to line 93, col 85 of module benor: 45108453
@!@!@ENDMSG 2221 @!@!@
@!@!@STARTMSG 2221:0 @!@!@
  |||line 93, col 38 to line 93, col 42 of module benor: 3200166
@!@!@ENDMSG 2221 @!@!@
@!@!@STARTMSG 2221:0 @!@!@
  |line 93, col 93 to line 93, col 97 of module benor: 3200166
@!@!@ENDMSG 2221 @!@!@
@!@!@STARTMSG 2221:0 @!@!@
  line 94, col 19 to line 94, col 63 of module benor: 2799291
@!@!@ENDMSG 2221 @!@!@
@!@!@STARTMSG 2221:0 @!@!@
  |line 94, col 19 to line 94, col 59 of module benor: 2799291
@!@!@ENDMSG 2221 @!@!@
@!@!@STARTMSG 2221:0 @!@!@
  ||line 94, col 31 to line 94, col 58 of module benor: 2799291
@!@!@ENDMSG 2221 @!@!@
@!@!@STARTMSG 2221:0 @!@!@
  |||line 57, col 24 to line 58, col 79 of module benor: 2799291
@!@!@ENDMSG 2221 @!@!@
@!@!@STARTMSG 2221:0 @!@!@
  ||||line 57, col 38 to line 58, col 78 of module benor: 5598582
@!@!@ENDMSG 2221 @!@!@
@!@!@STARTMSG 2221:0 @!@!@
  |||||line 57, col 38 to line 58, col 74 of module benor: 5598582
@!@!@ENDMSG 2221 @!@!@
@!@!@STARTMSG 2221:0 @!@!@
  ||||||line 57, col 50 to line 58, col 73 of module benor: 5598582
@!@!@ENDMSG 2221 @!@!@
@!@!@STARTMSG 2221:0 @!@!@
  |||||||line 57, col 64 to line 58, col 72 of module benor: 316984812
@!@!@ENDMSG 2221 @!@!@
@!@!@STARTMSG 2221:0 @!@!@
  ||||||||line 57, col 64 to line 58, col 52 of module benor: 316984812
@!@!@ENDMSG 2221 @!@!@
@!@!@STARTMSG 2221:0 @!@!@
  |||||||||line 57, col 64 to line 57, col 80 of module benor: 316984812
@!@!@ENDMSG 2221 @!@!@
@!@!@STARTMSG 2221:0 @!@!@
  |||||||||line 58, col 40 to line 58, col 52 of module benor: 79246201
@!@!@ENDMSG 2221 @!@!@
@!@!@STARTMSG 2221:0 @!@!@
  ||||||||line 58, col 57 to line 58, col 72 of module benor: 16225680
@!@!@ENDMSG 2221 @!@!@
@!@!@STARTMSG 2221:0 @!@!@
  |||||||line 57, col 59 to line 57, col 60 of module benor: 5598582
@!@!@ENDMSG 2221 @!@!@
@!@!@STARTMSG 2221:0 @!@!@
  |||||line 58, col 78 to line 58, col 78 of module benor: 5598581
@!@!@ENDMSG 2221 @!@!@
@!@!@STARTMSG 2221:0 @!@!@
  ||||line 57, col 31 to line 57, col 34 of module benor: 2799291
@!@!@ENDMSG 2221 @!@!@
@!@!@STARTMSG 2221:0 @!@!@
  |||line 94, col 38 to line 94, col 42 of module benor: 2799291
@!@!@ENDMSG 2221 @!@!@
@!@!@STARTMSG 2221:0 @!@!@
  |||line 94, col 44 to line 94, col 47 of module benor: 2799291
@!@!@ENDMSG 2221 @!@!@
@!@!@STARTMSG 2221:0 @!@!@
  |||line 94, col 49 to line 94, col 55 of module benor: 2799291
@!@!@ENDMSG 2221 @!@!@
@!@!@STARTMSG 2221:0 @!@!@
  |||line 94, col 57 to line 94, col 57 of module benor: 2799291
@!@!@ENDMSG 2221 @!@!@
@!@!@STARTMSG 2221:0 @!@!@
  line 95, col 27 to line 95, col 112 of module benor: 0
@!@!@ENDMSG 2221 @!@!@
@!@!@STARTMSG 2221:0 @!@!@
  line 96, col 27 to line 96, col 32 of module benor: 0
@!@!@ENDMSG 2221 @!@!@
@!@!@STARTMSG 2221:0 @!@!@
  line 97, col 30 to line 97, col 74 of module benor: 2799290
@!@!@ENDMSG 2221 @!@!@
@!@!@STARTMSG 2221:0 @!@!@
  |line 97, col 30 to line 97, col 70 of module benor: 2799290
@!@!@ENDMSG 2221 @!@!@
@!@!@STARTMSG 2221:0 @!@!@
  ||line 97, col 42 to line 97, col 69 of module benor: 2799290
@!@!@ENDMSG 2221 @!@!@
@!@!@STARTMSG 2221:0 @!@!@
  |||line 57, col 24 to line 58, col 79 of module benor: 2799290
@!@!@ENDMSG 2221 @!@!@
@!@!@STARTMSG 2221:0 @!@!@
  ||||line 57, col 38 to line 58, col 78 of module benor: 5598580
@!@!@ENDMSG 2221 @!@!@
@!@!@STARTMSG 2221:0 @!@!@
  |||||line 57, col 38 to line 58, col 74 of module benor: 5598580
@!@!@ENDMSG 2221 @!@!@
@!@!@STARTMSG 2221:0 @!@!@
  ||||||line 57, col 50 to line 58, col 73 of module benor: 5600132
@!@!@ENDMSG 2221 @!@!@
@!@!@STARTMSG 2221:0 @!@!@
  |||||||line 57, col 64 to line 58, col 72 of module benor: 317084416
@!@!@ENDMSG 2221 @!@!@
@!@!@STARTMSG 2221:0 @!@!@
  ||||||||line 57, col 64 to line 58, col 52 of module benor: 317084416
@!@!@ENDMSG 2221 @!@!@
@!@!@STARTMSG 2221:0 @!@!@
  |||||||||line 57, col 64 to line 57, col 80 of module benor: 317084416
@!@!@ENDMSG 2221 @!@!@
@!@!@STARTMSG 2221:0 @!@!@
  |||||||||line 58, col 40 to line 58, col 52 of module benor: 79271109
@!@!@ENDMSG 2221 @!@!@
@!@!@STARTMSG 2221:0 @!@!@
  ||||||||line 58, col 57 to line 58, col 72 of module benor: 16230190
@!@!@ENDMSG 2221 @!@!@
@!@!@STARTMSG 2221:0 @!@!@
  |||||||line 57, col 59 to line 57, col 60 of module benor: 5600132
@!@!@ENDMSG 2221 @!@!@
@!@!@STARTMSG 2221:0 @!@!@
  |||||line 58, col 78 to line 58, col 78 of module benor: 5600131
@!@!@ENDMSG 2221 @!@!@
@!@!@STARTMSG 2221:0 @!@!@
  ||||line 57, col 31 to line 57, col 34 of module benor: 2800066
@!@!@ENDMSG 2221 @!@!@
@!@!@STARTMSG 2221:0 @!@!@
  |||line 97, col 49 to line 97, col 53 of module benor: 2800066
@!@!@ENDMSG 2221 @!@!@
@!@!@STARTMSG 2221:0 @!@!@
  |||line 97, col 55 to line 97, col 58 of module benor: 2800066
@!@!@ENDMSG 2221 @!@!@
@!@!@STARTMSG 2221:0 @!@!@
  |||line 97, col 60 to line 97, col 66 of module benor: 2800066
@!@!@ENDMSG 2221 @!@!@
@!@!@STARTMSG 2221:0 @!@!@
  ||||line 97, col 60 to line 97, col 60 of module benor: 2800066
@!@!@ENDMSG 2221 @!@!@
@!@!@STARTMSG 2221:0 @!@!@
  ||||line 97, col 62 to line 97, col 65 of module benor: 2800066
@!@!@ENDMSG 2221 @!@!@
@!@!@STARTMSG 2221:0 @!@!@
  line 98, col 38 to line 98, col 111 of module benor: 2270738
@!@!@ENDMSG 2221 @!@!@
@!@!@STARTMSG 2221:0 @!@!@
  |line 98, col 43 to line 98, col 111 of module benor: 2270738
@!@!@ENDMSG 2221 @!@!@
@!@!@STARTMSG 2221:0 @!@!@
  ||line 98, col 44 to line 98, col 44 of module benor: 2270738
@!@!@ENDMSG 2221 @!@!@
@!@!@STARTMSG 2221:0 @!@!@
  ||line 98, col 53 to line 98, col 110 of module benor: 2266896
@!@!@ENDMSG 2221 @!@!@
@!@!@STARTMSG 2221:0 @!@!@
  ||line 98, col 63 to line 98, col 110 of module benor: 2270738
@!@!@ENDMSG 2221 @!@!@
@!@!@STARTMSG 2221:0 @!@!@
  |||line 98, col 107 to line 98, col 110 of module benor: 2270738
@!@!@ENDMSG 2221 @!@!@
@!@!@STARTMSG 2221:0 @!@!@
  |||line 98, col 76 to line 98, col 103 of module benor: 2270738
@!@!@ENDMSG 2221 @!@!@
@!@!@STARTMSG 2775:0 @!@!@
  ||||line 57, col 24 to line 58, col 79 of module benor: 2270739:2270738
@!@!@ENDMSG 2775 @!@!@
@!@!@STARTMSG 2221:0 @!@!@
  |||||line 57, col 38 to line 58, col 78 of module benor: 4541478
@!@!@ENDMSG 2221 @!@!@
@!@!@STARTMSG 2221:0 @!@!@
  ||||||line 57, col 38 to line 58, col 74 of module benor: 4541478
@!@!@ENDMSG 2221 @!@!@
@!@!@STARTMSG 2221:0 @!@!@
  |||||||line 57, col 50 to line 58, col 73 of module benor: 4541478
@!@!@ENDMSG 2221 @!@!@
@!@!@STARTMSG 2221:0 @!@!@
  ||||||||line 57, col 64 to line 58, col 72 of module benor: 257473480
@!@!@ENDMSG 2221 @!@!@
@!@!@STARTMSG 2221:0 @!@!@
  |||||||||line 57, col 64 to line 58, col 52 of module benor: 257473480
@!@!@ENDMSG 2221 @!@!@
@!@!@STARTMSG 2221:0 @!@!@
  ||||||||||line 57, col 64 to line 57, col 80 of module benor: 257473480
@!@!@ENDMSG 2221 @!@!@
@!@!@STARTMSG 2221:0 @!@!@
  |||||||||||line 57, col 64 to line 57, col 73 of module benor: 257473480
@!@!@ENDMSG 2221 @!@!@
@!@!@STARTMSG 2221:0 @!@!@
  ||||||||||||line 57, col 64 to line 57, col 66 of module benor: 257473480
@!@!@ENDMSG 2221 @!@!@
@!@!@STARTMSG 2221:0 @!@!@
  |||||||||||line 57, col 77 to line 57, col 80 of module benor: 257473608
@!@!@ENDMSG 2221 @!@!@
@!@!@STARTMSG 2221:0 @!@!@
  ||||||||||line 58, col 40 to line 58, col 52 of module benor: 64368402
@!@!@ENDMSG 2221 @!@!@
@!@!@STARTMSG 2221:0 @!@!@
  |||||||||||line 58, col 40 to line 58, col 48 of module benor: 64368402
@!@!@ENDMSG 2221 @!@!@
@!@!@STARTMSG 2221:0 @!@!@
  ||||||||||||line 58, col 40 to line 58, col 42 of module benor: 64368434
@!@!@ENDMSG 2221 @!@!@
@!@!@STARTMSG 2221:0 @!@!@
  |||||||||||line 58, col 52 to line 58, col 52 of module benor: 64368434
@!@!@ENDMSG 2221 @!@!@
@!@!@STARTMSG 2221:0 @!@!@
  |||||||||line 58, col 57 to line 58, col 72 of module benor: 13956356
@!@!@ENDMSG 2221 @!@!@
@!@!@STARTMSG 2221:0 @!@!@
  ||||||||line 57, col 59 to line 57, col 60 of module benor: 4542414
@!@!@ENDMSG 2221 @!@!@
@!@!@STARTMSG 2221:0 @!@!@
  ||||||line 58, col 78 to line 58, col 78 of module benor: 4542414
@!@!@ENDMSG 2221 @!@!@
@!@!@STARTMSG 2221:0 @!@!@
  |||||line 57, col 31 to line 57, col 34 of module benor: 2271207
@!@!@ENDMSG 2221 @!@!@
@!@!@STARTMSG 2221:0 @!@!@
  ||||line 98, col 83 to line 98, col 87 of module benor: 2271207
@!@!@ENDMSG 2221 @!@!@
@!@!@STARTMSG 2221:0 @!@!@
  ||||line 98, col 89 to line 98, col 92 of module benor: 2271207
@!@!@ENDMSG 2221 @!@!@
@!@!@STARTMSG 2221:0 @!@!@
  ||||line 98, col 94 to line 98, col 100 of module benor: 2271207
@!@!@ENDMSG 2221 @!@!@
@!@!@STARTMSG 2221:0 @!@!@
  line 99, col 35 to line 99, col 87 of module benor: 528561
@!@!@ENDMSG 2221 @!@!@
@!@!@STARTMSG 2221:0 @!@!@
  line 100, col 27 to line 100, col 43 of module benor: 2795456
@!@!@ENDMSG 2221 @!@!@
@!@!@STARTMSG 2221:0 @!@!@
  line 101, col 16 to line 101, col 46 of module benor: 2800712
@!@!@ENDMSG 2221 @!@!@
@!@!@STARTMSG 2221:0 @!@!@
  line 102, col 16 to line 102, col 46 of module benor: 2795456
@!@!@ENDMSG 2221 @!@!@
@!@!@STARTMSG 2772:0 @!@!@
<Terminating line 107, col 1 to line 107, col 11 of module benor>: 0:0
@!@!@ENDMSG 2772 @!@!@
@!@!@STARTMSG 2221:0 @!@!@
  line 107, col 40 to line 107, col 56 of module benor: 2623741
@!@!@ENDMSG 2221 @!@!@
@!@!@STARTMSG 2221:0 @!@!@
  line 107, col 31 to line 107, col 37 of module benor: 2483052
@!@!@ENDMSG 2221 @!@!@
@!@!@STARTMSG 2221:0 @!@!@
  line 108, col 19 to line 108, col 32 of module benor: 0
@!@!@ENDMSG 2221 @!@!@
@!@!@STARTMSG 2202:0 @!@!@
End of statistics.
@!@!@ENDMSG 2202 @!@!@
@!@!@STARTMSG 2200:0 @!@!@
Progress(50) at 2019-11-19 16:41:03: 10,708,723 states generated (2,214,562 s/min), 3,662,210 distinct states found (746,054 ds/min), 528,849 states left on queue.
@!@!@ENDMSG 2200 @!@!@
@!@!@STARTMSG 2200:0 @!@!@
Progress(52) at 2019-11-19 16:42:03: 13,272,841 states generated (2,564,118 s/min), 4,519,694 distinct states found (857,484 ds/min), 613,634 states left on queue.
@!@!@ENDMSG 2200 @!@!@
@!@!@STARTMSG 2200:0 @!@!@
Progress(53) at 2019-11-19 16:43:04: 15,798,341 states generated (2,525,500 s/min), 5,354,784 distinct states found (835,090 ds/min), 687,145 states left on queue.
@!@!@ENDMSG 2200 @!@!@
@!@!@STARTMSG 2200:0 @!@!@
Progress(54) at 2019-11-19 16:44:04: 18,308,089 states generated (2,509,748 s/min), 6,173,857 distinct states found (819,073 ds/min), 740,902 states left on queue.
@!@!@ENDMSG 2200 @!@!@
@!@!@STARTMSG 2201:0 @!@!@
The coverage statistics at 2019-11-19 16:44:04
@!@!@ENDMSG 2201 @!@!@
@!@!@STARTMSG 2773:0 @!@!@
<Init line 66, col 1 to line 66, col 4 of module benor>: 1:1
@!@!@ENDMSG 2773 @!@!@
@!@!@STARTMSG 2221:0 @!@!@
  line 67, col 9 to line 73, col 42 of module benor: 1
@!@!@ENDMSG 2221 @!@!@
@!@!@STARTMSG 2772:0 @!@!@
<A line 75, col 1 to line 75, col 7 of module benor>: 2555947:7611690
@!@!@ENDMSG 2772 @!@!@
@!@!@STARTMSG 2221:0 @!@!@
  line 75, col 15 to line 75, col 28 of module benor: 29343723
@!@!@ENDMSG 2221 @!@!@
@!@!@STARTMSG 2221:0 @!@!@
  |line 75, col 15 to line 75, col 22 of module benor: 21732032
@!@!@ENDMSG 2221 @!@!@
@!@!@STARTMSG 2221:0 @!@!@
  line 76, col 18 to line 76, col 35 of module benor: 7611691
@!@!@ENDMSG 2221 @!@!@
@!@!@STARTMSG 2221:0 @!@!@
  line 77, col 26 to line 77, col 62 of module benor: 5079015
@!@!@ENDMSG 2221 @!@!@
@!@!@STARTMSG 2221:0 @!@!@
  line 78, col 26 to line 78, col 133 of module benor: 5079015
@!@!@ENDMSG 2221 @!@!@
@!@!@STARTMSG 2221:0 @!@!@
  |line 78, col 36 to line 78, col 132 of module benor: 5079015
@!@!@ENDMSG 2221 @!@!@
@!@!@STARTMSG 2221:0 @!@!@
  ||line 78, col 36 to line 78, col 40 of module benor: 5079015
@!@!@ENDMSG 2221 @!@!@
@!@!@STARTMSG 2775:0 @!@!@
  ||line 78, col 49 to line 78, col 132 of module benor: 5079015:25395075
@!@!@ENDMSG 2775 @!@!@
@!@!@STARTMSG 2221:0 @!@!@
  |||line 78, col 50 to line 78, col 114 of module benor: 20316060
@!@!@ENDMSG 2221 @!@!@
@!@!@STARTMSG 2221:0 @!@!@
  |||line 78, col 127 to line 78, col 131 of module benor: 5079015
@!@!@ENDMSG 2221 @!@!@
@!@!@STARTMSG 2221:0 @!@!@
  line 79, col 26 to line 79, col 57 of module benor: 5079015
@!@!@ENDMSG 2221 @!@!@
@!@!@STARTMSG 2221:0 @!@!@
  |line 79, col 32 to line 79, col 57 of module benor: 5079015
@!@!@ENDMSG 2221 @!@!@
@!@!@STARTMSG 2221:0 @!@!@
  line 80, col 26 to line 80, col 59 of module benor: 2532678
@!@!@ENDMSG 2221 @!@!@
@!@!@STARTMSG 2221:0 @!@!@
  line 81, col 26 to line 81, col 49 of module benor: 2532676
@!@!@ENDMSG 2221 @!@!@
@!@!@STARTMSG 2221:0 @!@!@
  line 82, col 15 to line 82, col 47 of module benor: 7611691
@!@!@ENDMSG 2221 @!@!@
@!@!@STARTMSG 2772:0 @!@!@
<P1 line 84, col 1 to line 84, col 8 of module benor>: 1807517:4594087
@!@!@ENDMSG 2772 @!@!@
@!@!@STARTMSG 2221:0 @!@!@
  line 84, col 16 to line 84, col 30 of module benor: 26326192
@!@!@ENDMSG 2221 @!@!@
@!@!@STARTMSG 2221:0 @!@!@
  |line 84, col 16 to line 84, col 23 of module benor: 21732103
@!@!@ENDMSG 2221 @!@!@
@!@!@STARTMSG 2221:0 @!@!@
  line 85, col 17 to line 85, col 98 of module benor: 4594089
@!@!@ENDMSG 2221 @!@!@
@!@!@STARTMSG 2221:0 @!@!@
  |line 85, col 17 to line 85, col 87 of module benor: 5209535
@!@!@ENDMSG 2221 @!@!@
@!@!@STARTMSG 2221:0 @!@!@
  ||line 85, col 29 to line 85, col 86 of module benor: 5209536
@!@!@ENDMSG 2221 @!@!@
@!@!@STARTMSG 2221:0 @!@!@
  |||line 85, col 46 to line 85, col 85 of module benor: 342492176
@!@!@ENDMSG 2221 @!@!@
@!@!@STARTMSG 2221:0 @!@!@
  ||||line 85, col 46 to line 85, col 62 of module benor: 342492176
@!@!@ENDMSG 2221 @!@!@
@!@!@STARTMSG 2221:0 @!@!@
  ||||line 85, col 67 to line 85, col 85 of module benor: 85623044
@!@!@ENDMSG 2221 @!@!@
@!@!@STARTMSG 2221:0 @!@!@
  |||line 85, col 38 to line 85, col 42 of module benor: 5209536
@!@!@ENDMSG 2221 @!@!@
@!@!@STARTMSG 2221:0 @!@!@
  |line 85, col 93 to line 85, col 97 of module benor: 5209536
@!@!@ENDMSG 2221 @!@!@
@!@!@STARTMSG 2221:0 @!@!@
  line 86, col 16 to line 88, col 98 of module benor: 4594090
@!@!@ENDMSG 2221 @!@!@
@!@!@STARTMSG 2221:0 @!@!@
  |line 86, col 26 to line 88, col 97 of module benor: 4594091
@!@!@ENDMSG 2221 @!@!@
@!@!@STARTMSG 2221:0 @!@!@
  ||line 86, col 26 to line 86, col 30 of module benor: 4594091
@!@!@ENDMSG 2221 @!@!@
@!@!@STARTMSG 2775:0 @!@!@
  ||line 86, col 39 to line 88, col 97 of module benor: 4594091:22970450
@!@!@ENDMSG 2775 @!@!@
@!@!@STARTMSG 2221:0 @!@!@
  |||line 86, col 40 to line 86, col 97 of module benor: 18376360
@!@!@ENDMSG 2221 @!@!@
@!@!@STARTMSG 2221:0 @!@!@
  |||line 86, col 110 to line 86, col 114 of module benor: 4594091
@!@!@ENDMSG 2221 @!@!@
@!@!@STARTMSG 2221:0 @!@!@
  |||line 87, col 47 to line 88, col 96 of module benor: 4598659
@!@!@ENDMSG 2221 @!@!@
@!@!@STARTMSG 2221:0 @!@!@
  ||||line 87, col 50 to line 87, col 101 of module benor: 4598659
@!@!@ENDMSG 2221 @!@!@
@!@!@STARTMSG 2221:0 @!@!@
  |||||line 87, col 50 to line 87, col 97 of module benor: 4598659
@!@!@ENDMSG 2221 @!@!@
@!@!@STARTMSG 2221:0 @!@!@
  ||||||line 87, col 62 to line 87, col 96 of module benor: 4598659
@!@!@ENDMSG 2221 @!@!@
@!@!@STARTMSG 2221:0 @!@!@
  |||||||line 57, col 24 to line 58, col 79 of module benor: 4598659
@!@!@ENDMSG 2221 @!@!@
@!@!@STARTMSG 2221:0 @!@!@
  ||||||||line 57, col 38 to line 58, col 78 of module benor: 9197318
@!@!@ENDMSG 2221 @!@!@
@!@!@STARTMSG 2221:0 @!@!@
  |||||||||line 57, col 38 to line 58, col 74 of module benor: 9197319
@!@!@ENDMSG 2221 @!@!@
@!@!@STARTMSG 2221:0 @!@!@
  ||||||||||line 57, col 50 to line 58, col 73 of module benor: 9197320
@!@!@ENDMSG 2221 @!@!@
@!@!@STARTMSG 2221:0 @!@!@
  |||||||||||line 57, col 64 to line 58, col 72 of module benor: 611778624
@!@!@ENDMSG 2221 @!@!@
@!@!@STARTMSG 2221:0 @!@!@
  ||||||||||||line 57, col 64 to line 58, col 52 of module benor: 611778624
@!@!@ENDMSG 2221 @!@!@
@!@!@STARTMSG 2221:0 @!@!@
  |||||||||||||line 57, col 64 to line 57, col 80 of module benor: 611778624
@!@!@ENDMSG 2221 @!@!@
@!@!@STARTMSG 2221:0 @!@!@
  ||||||||||||||line 57, col 64 to line 57, col 73 of module benor: 611778624
@!@!@ENDMSG 2221 @!@!@
@!@!@STARTMSG 2221:0 @!@!@
  ||||||||||||||line 57, col 77 to line 57, col 80 of module benor: 611778624
@!@!@ENDMSG 2221 @!@!@
@!@!@STARTMSG 2221:0 @!@!@
  |||||||||||||line 58, col 40 to line 58, col 52 of module benor: 152944656
@!@!@ENDMSG 2221 @!@!@
@!@!@STARTMSG 2221:0 @!@!@
  ||||||||||||||line 58, col 40 to line 58, col 48 of module benor: 152944656
@!@!@ENDMSG 2221 @!@!@
@!@!@STARTMSG 2221:0 @!@!@
  |||||||||||||||line 58, col 40 to line 58, col 42 of module benor: 152944656
@!@!@ENDMSG 2221 @!@!@
@!@!@STARTMSG 2221:0 @!@!@
  ||||||||||||||line 58, col 52 to line 58, col 52 of module benor: 152944656
@!@!@ENDMSG 2221 @!@!@
@!@!@STARTMSG 2221:0 @!@!@
  ||||||||||||line 58, col 57 to line 58, col 72 of module benor: 28653944
@!@!@ENDMSG 2221 @!@!@
@!@!@STARTMSG 2221:0 @!@!@
  |||||||||||line 57, col 59 to line 57, col 60 of module benor: 9197320
@!@!@ENDMSG 2221 @!@!@
@!@!@STARTMSG 2221:0 @!@!@
  |||||||||line 58, col 78 to line 58, col 78 of module benor: 9197320
@!@!@ENDMSG 2221 @!@!@
@!@!@STARTMSG 2221:0 @!@!@
  ||||||||line 57, col 31 to line 57, col 34 of module benor: 4598660
@!@!@ENDMSG 2221 @!@!@
@!@!@STARTMSG 2221:0 @!@!@
  |||||||line 87, col 69 to line 87, col 73 of module benor: 4598660
@!@!@ENDMSG 2221 @!@!@
@!@!@STARTMSG 2221:0 @!@!@
  |||||||line 87, col 75 to line 87, col 78 of module benor: 4598660
@!@!@ENDMSG 2221 @!@!@
@!@!@STARTMSG 2221:0 @!@!@
  |||||||line 87, col 80 to line 87, col 86 of module benor: 4598660
@!@!@ENDMSG 2221 @!@!@
@!@!@STARTMSG 2221:0 @!@!@
  |||||||line 87, col 88 to line 87, col 95 of module benor: 4598660
@!@!@ENDMSG 2221 @!@!@
@!@!@STARTMSG 2775:0 @!@!@
  ||||line 88, col 93 to line 88, col 96 of module benor: 4598660:9197320
@!@!@ENDMSG 2775 @!@!@
@!@!@STARTMSG 2221:0 @!@!@
  line 89, col 16 to line 89, col 47 of module benor: 4598660
@!@!@ENDMSG 2221 @!@!@
@!@!@STARTMSG 2221:0 @!@!@
  line 90, col 16 to line 90, col 51 of module benor: 4594089
@!@!@ENDMSG 2221 @!@!@
@!@!@STARTMSG 2772:0 @!@!@
<P2 line 92, col 1 to line 92, col 8 of module benor>: 1812857:6110110
@!@!@ENDMSG 2772 @!@!@
@!@!@STARTMSG 2221:0 @!@!@
  line 92, col 16 to line 92, col 30 of module benor: 27867489
@!@!@ENDMSG 2221 @!@!@
@!@!@STARTMSG 2221:0 @!@!@
  |line 92, col 16 to line 92, col 23 of module benor: 21757382
@!@!@ENDMSG 2221 @!@!@
@!@!@STARTMSG 2221:0 @!@!@
  line 93, col 17 to line 93, col 98 of module benor: 6110112
@!@!@ENDMSG 2221 @!@!@
@!@!@STARTMSG 2221:0 @!@!@
  |line 93, col 17 to line 93, col 87 of module benor: 6898612
@!@!@ENDMSG 2221 @!@!@
@!@!@STARTMSG 2221:0 @!@!@
  ||line 93, col 29 to line 93, col 86 of module benor: 6898612
@!@!@ENDMSG 2221 @!@!@
@!@!@STARTMSG 2221:0 @!@!@
  |||line 93, col 46 to line 93, col 85 of module benor: 429750756
@!@!@ENDMSG 2221 @!@!@
@!@!@STARTMSG 2221:0 @!@!@
  ||||line 93, col 46 to line 93, col 62 of module benor: 429750756
@!@!@ENDMSG 2221 @!@!@
@!@!@STARTMSG 2221:0 @!@!@
  ||||line 93, col 67 to line 93, col 85 of module benor: 107437689
@!@!@ENDMSG 2221 @!@!@
@!@!@STARTMSG 2221:0 @!@!@
  |||line 93, col 38 to line 93, col 42 of module benor: 6903340
@!@!@ENDMSG 2221 @!@!@
@!@!@STARTMSG 2221:0 @!@!@
  |line 93, col 93 to line 93, col 97 of module benor: 6903340
@!@!@ENDMSG 2221 @!@!@
@!@!@STARTMSG 2221:0 @!@!@
  line 94, col 19 to line 94, col 63 of module benor: 6114640
@!@!@ENDMSG 2221 @!@!@
@!@!@STARTMSG 2221:0 @!@!@
  |line 94, col 19 to line 94, col 59 of module benor: 6114640
@!@!@ENDMSG 2221 @!@!@
@!@!@STARTMSG 2221:0 @!@!@
  ||line 94, col 31 to line 94, col 58 of module benor: 6114640
@!@!@ENDMSG 2221 @!@!@
@!@!@STARTMSG 2221:0 @!@!@
  |||line 57, col 24 to line 58, col 79 of module benor: 6114640
@!@!@ENDMSG 2221 @!@!@
@!@!@STARTMSG 2221:0 @!@!@
  ||||line 57, col 38 to line 58, col 78 of module benor: 12229280
@!@!@ENDMSG 2221 @!@!@
@!@!@STARTMSG 2221:0 @!@!@
  |||||line 57, col 38 to line 58, col 74 of module benor: 12229280
@!@!@ENDMSG 2221 @!@!@
@!@!@STARTMSG 2221:0 @!@!@
  ||||||line 57, col 50 to line 58, col 73 of module benor: 12229280
@!@!@ENDMSG 2221 @!@!@
@!@!@STARTMSG 2221:0 @!@!@
  |||||||line 57, col 64 to line 58, col 72 of module benor: 764573512
@!@!@ENDMSG 2221 @!@!@
@!@!@STARTMSG 2221:0 @!@!@
  ||||||||line 57, col 64 to line 58, col 52 of module benor: 764573512
@!@!@ENDMSG 2221 @!@!@
@!@!@STARTMSG 2221:0 @!@!@
  |||||||||line 57, col 64 to line 57, col 80 of module benor: 764573512
@!@!@ENDMSG 2221 @!@!@
@!@!@STARTMSG 2221:0 @!@!@
  |||||||||line 58, col 40 to line 58, col 52 of module benor: 191143378
@!@!@ENDMSG 2221 @!@!@
@!@!@STARTMSG 2221:0 @!@!@
  ||||||||line 58, col 57 to line 58, col 72 of module benor: 35577694
@!@!@ENDMSG 2221 @!@!@
@!@!@STARTMSG 2221:0 @!@!@
  |||||||line 57, col 59 to line 57, col 60 of module benor: 12229280
@!@!@ENDMSG 2221 @!@!@
@!@!@STARTMSG 2221:0 @!@!@
  |||||line 58, col 78 to line 58, col 78 of module benor: 12229280
@!@!@ENDMSG 2221 @!@!@
@!@!@STARTMSG 2221:0 @!@!@
  ||||line 57, col 31 to line 57, col 34 of module benor: 6114640
@!@!@ENDMSG 2221 @!@!@
@!@!@STARTMSG 2221:0 @!@!@
  |||line 94, col 38 to line 94, col 42 of module benor: 6114640
@!@!@ENDMSG 2221 @!@!@
@!@!@STARTMSG 2221:0 @!@!@
  |||line 94, col 44 to line 94, col 47 of module benor: 6114640
@!@!@ENDMSG 2221 @!@!@
@!@!@STARTMSG 2221:0 @!@!@
  |||line 94, col 49 to line 94, col 55 of module benor: 6114640
@!@!@ENDMSG 2221 @!@!@
@!@!@STARTMSG 2221:0 @!@!@
  |||line 94, col 57 to line 94, col 57 of module benor: 6114640
@!@!@ENDMSG 2221 @!@!@
@!@!@STARTMSG 2221:0 @!@!@
  line 95, col 27 to line 95, col 112 of module benor: 0
@!@!@ENDMSG 2221 @!@!@
@!@!@STARTMSG 2221:0 @!@!@
  line 96, col 27 to line 96, col 32 of module benor: 0
@!@!@ENDMSG 2221 @!@!@
@!@!@STARTMSG 2221:0 @!@!@
  line 97, col 30 to line 97, col 74 of module benor: 6114640
@!@!@ENDMSG 2221 @!@!@
@!@!@STARTMSG 2221:0 @!@!@
  |line 97, col 30 to line 97, col 70 of module benor: 6114640
@!@!@ENDMSG 2221 @!@!@
@!@!@STARTMSG 2221:0 @!@!@
  ||line 97, col 42 to line 97, col 69 of module benor: 6114640
@!@!@ENDMSG 2221 @!@!@
@!@!@STARTMSG 2221:0 @!@!@
  |||line 57, col 24 to line 58, col 79 of module benor: 6114640
@!@!@ENDMSG 2221 @!@!@
@!@!@STARTMSG 2221:0 @!@!@
  ||||line 57, col 38 to line 58, col 78 of module benor: 12229280
@!@!@ENDMSG 2221 @!@!@
@!@!@STARTMSG 2221:0 @!@!@
  |||||line 57, col 38 to line 58, col 74 of module benor: 12229280
@!@!@ENDMSG 2221 @!@!@
@!@!@STARTMSG 2221:0 @!@!@
  ||||||line 57, col 50 to line 58, col 73 of module benor: 12229280
@!@!@ENDMSG 2221 @!@!@
@!@!@STARTMSG 2221:0 @!@!@
  |||||||line 57, col 64 to line 58, col 72 of module benor: 764573498
@!@!@ENDMSG 2221 @!@!@
@!@!@STARTMSG 2221:0 @!@!@
  ||||||||line 57, col 64 to line 58, col 52 of module benor: 764573498
@!@!@ENDMSG 2221 @!@!@
@!@!@STARTMSG 2221:0 @!@!@
  |||||||||line 57, col 64 to line 57, col 80 of module benor: 764573498
@!@!@ENDMSG 2221 @!@!@
@!@!@STARTMSG 2221:0 @!@!@
  |||||||||line 58, col 40 to line 58, col 52 of module benor: 191169523
@!@!@ENDMSG 2221 @!@!@
@!@!@STARTMSG 2221:0 @!@!@
  ||||||||line 58, col 57 to line 58, col 72 of module benor: 35582048
@!@!@ENDMSG 2221 @!@!@
@!@!@STARTMSG 2221:0 @!@!@
  |||||||line 57, col 59 to line 57, col 60 of module benor: 12230760
@!@!@ENDMSG 2221 @!@!@
@!@!@STARTMSG 2221:0 @!@!@
  |||||line 58, col 78 to line 58, col 78 of module benor: 12230759
@!@!@ENDMSG 2221 @!@!@
@!@!@STARTMSG 2221:0 @!@!@
  ||||line 57, col 31 to line 57, col 34 of module benor: 6115380
@!@!@ENDMSG 2221 @!@!@
@!@!@STARTMSG 2221:0 @!@!@
  |||line 97, col 49 to line 97, col 53 of module benor: 6115380
@!@!@ENDMSG 2221 @!@!@
@!@!@STARTMSG 2221:0 @!@!@
  |||line 97, col 55 to line 97, col 58 of module benor: 6115380
@!@!@ENDMSG 2221 @!@!@
@!@!@STARTMSG 2221:0 @!@!@
  |||line 97, col 60 to line 97, col 66 of module benor: 6115380
@!@!@ENDMSG 2221 @!@!@
@!@!@STARTMSG 2221:0 @!@!@
  ||||line 97, col 60 to line 97, col 60 of module benor: 6115380
@!@!@ENDMSG 2221 @!@!@
@!@!@STARTMSG 2221:0 @!@!@
  ||||line 97, col 62 to line 97, col 65 of module benor: 6115380
@!@!@ENDMSG 2221 @!@!@
@!@!@STARTMSG 2221:0 @!@!@
  line 98, col 38 to line 98, col 111 of module benor: 4949118
@!@!@ENDMSG 2221 @!@!@
@!@!@STARTMSG 2221:0 @!@!@
  |line 98, col 43 to line 98, col 111 of module benor: 4949118
@!@!@ENDMSG 2221 @!@!@
@!@!@STARTMSG 2221:0 @!@!@
  ||line 98, col 44 to line 98, col 44 of module benor: 4949118
@!@!@ENDMSG 2221 @!@!@
@!@!@STARTMSG 2221:0 @!@!@
  ||line 98, col 53 to line 98, col 110 of module benor: 4944742
@!@!@ENDMSG 2221 @!@!@
@!@!@STARTMSG 2221:0 @!@!@
  ||line 98, col 63 to line 98, col 110 of module benor: 4949118
@!@!@ENDMSG 2221 @!@!@
@!@!@STARTMSG 2221:0 @!@!@
  |||line 98, col 107 to line 98, col 110 of module benor: 4949118
@!@!@ENDMSG 2221 @!@!@
@!@!@STARTMSG 2221:0 @!@!@
  |||line 98, col 76 to line 98, col 103 of module benor: 4949118
@!@!@ENDMSG 2221 @!@!@
@!@!@STARTMSG 2775:0 @!@!@
  ||||line 57, col 24 to line 58, col 79 of module benor: 4949118:4949118
@!@!@ENDMSG 2775 @!@!@
@!@!@STARTMSG 2221:0 @!@!@
  |||||line 57, col 38 to line 58, col 78 of module benor: 9898236
@!@!@ENDMSG 2221 @!@!@
@!@!@STARTMSG 2221:0 @!@!@
  ||||||line 57, col 38 to line 58, col 74 of module benor: 9898236
@!@!@ENDMSG 2221 @!@!@
@!@!@STARTMSG 2221:0 @!@!@
  |||||||line 57, col 50 to line 58, col 73 of module benor: 9898236
@!@!@ENDMSG 2221 @!@!@
@!@!@STARTMSG 2221:0 @!@!@
  ||||||||line 57, col 64 to line 58, col 72 of module benor: 618578192
@!@!@ENDMSG 2221 @!@!@
@!@!@STARTMSG 2221:0 @!@!@
  |||||||||line 57, col 64 to line 58, col 52 of module benor: 618578192
@!@!@ENDMSG 2221 @!@!@
@!@!@STARTMSG 2221:0 @!@!@
  ||||||||||line 57, col 64 to line 57, col 80 of module benor: 618578192
@!@!@ENDMSG 2221 @!@!@
@!@!@STARTMSG 2221:0 @!@!@
  ||||||||||line 58, col 40 to line 58, col 52 of module benor: 154644548
@!@!@ENDMSG 2221 @!@!@
@!@!@STARTMSG 2221:0 @!@!@
  |||||||||line 58, col 57 to line 58, col 72 of module benor: 30633180
@!@!@ENDMSG 2221 @!@!@
@!@!@STARTMSG 2221:0 @!@!@
  ||||||||line 57, col 59 to line 57, col 60 of module benor: 9898236
@!@!@ENDMSG 2221 @!@!@
@!@!@STARTMSG 2221:0 @!@!@
  ||||||line 58, col 78 to line 58, col 78 of module benor: 9898236
@!@!@ENDMSG 2221 @!@!@
@!@!@STARTMSG 2221:0 @!@!@
  |||||line 57, col 31 to line 57, col 34 of module benor: 4949118
@!@!@ENDMSG 2221 @!@!@
@!@!@STARTMSG 2221:0 @!@!@
  ||||line 98, col 83 to line 98, col 87 of module benor: 4949118
@!@!@ENDMSG 2221 @!@!@
@!@!@STARTMSG 2221:0 @!@!@
  ||||line 98, col 89 to line 98, col 92 of module benor: 4949118
@!@!@ENDMSG 2221 @!@!@
@!@!@STARTMSG 2221:0 @!@!@
  ||||line 98, col 94 to line 98, col 100 of module benor: 4949118
@!@!@ENDMSG 2221 @!@!@
@!@!@STARTMSG 2221:0 @!@!@
  line 99, col 35 to line 99, col 87 of module benor: 1165368
@!@!@ENDMSG 2221 @!@!@
@!@!@STARTMSG 2221:0 @!@!@
  line 100, col 27 to line 100, col 43 of module benor: 6110110
@!@!@ENDMSG 2221 @!@!@
@!@!@STARTMSG 2221:0 @!@!@
  line 101, col 16 to line 101, col 46 of module benor: 6115379
@!@!@ENDMSG 2221 @!@!@
@!@!@STARTMSG 2221:0 @!@!@
  line 102, col 16 to line 102, col 46 of module benor: 6110110
@!@!@ENDMSG 2221 @!@!@
@!@!@STARTMSG 2772:0 @!@!@
<Terminating line 107, col 1 to line 107, col 11 of module benor>: 0:0
@!@!@ENDMSG 2772 @!@!@
@!@!@STARTMSG 2221:0 @!@!@
  line 107, col 40 to line 107, col 56 of module benor: 6096788
@!@!@ENDMSG 2221 @!@!@
@!@!@STARTMSG 2221:0 @!@!@
  line 107, col 31 to line 107, col 37 of module benor: 5445795
@!@!@ENDMSG 2221 @!@!@
@!@!@STARTMSG 2221:0 @!@!@
  line 108, col 19 to line 108, col 32 of module benor: 0
@!@!@ENDMSG 2221 @!@!@
@!@!@STARTMSG 2777:0 @!@!@
End of statistics (please note that for performance reasons large models
are best checked with coverage and cost statistics disabled).
@!@!@ENDMSG 2777 @!@!@
@!@!@STARTMSG 2200:0 @!@!@
Progress(55) at 2019-11-19 16:45:05: 20,494,042 states generated (2,185,953 s/min), 6,892,442 distinct states found (718,585 ds/min), 790,415 states left on queue.
@!@!@ENDMSG 2200 @!@!@
@!@!@STARTMSG 2200:0 @!@!@
Progress(56) at 2019-11-19 16:46:05: 23,046,779 states generated (2,552,737 s/min), 7,726,657 distinct states found (834,215 ds/min), 836,343 states left on queue.
@!@!@ENDMSG 2200 @!@!@
@!@!@STARTMSG 2200:0 @!@!@
Progress(57) at 2019-11-19 16:47:05: 25,598,380 states generated (2,551,601 s/min), 8,548,369 distinct states found (821,712 ds/min), 855,611 states left on queue.
@!@!@ENDMSG 2200 @!@!@
@!@!@STARTMSG 2200:0 @!@!@
Progress(58) at 2019-11-19 16:48:05: 28,160,086 states generated (2,561,706 s/min), 9,367,584 distinct states found (819,215 ds/min), 847,618 states left on queue.
@!@!@ENDMSG 2200 @!@!@
@!@!@STARTMSG 2201:0 @!@!@
The coverage statistics at 2019-11-19 16:48:05
@!@!@ENDMSG 2201 @!@!@
@!@!@STARTMSG 2773:0 @!@!@
<Init line 66, col 1 to line 66, col 4 of module benor>: 1:1
@!@!@ENDMSG 2773 @!@!@
@!@!@STARTMSG 2221:0 @!@!@
  line 67, col 9 to line 73, col 42 of module benor: 1
@!@!@ENDMSG 2221 @!@!@
@!@!@STARTMSG 2772:0 @!@!@
<A line 75, col 1 to line 75, col 7 of module benor>: 4095652:12226788
@!@!@ENDMSG 2772 @!@!@
@!@!@STARTMSG 2221:0 @!@!@
  line 75, col 15 to line 75, col 28 of module benor: 46307748
@!@!@ENDMSG 2221 @!@!@
@!@!@STARTMSG 2221:0 @!@!@
  |line 75, col 15 to line 75, col 22 of module benor: 34080961
@!@!@ENDMSG 2221 @!@!@
@!@!@STARTMSG 2221:0 @!@!@
  line 76, col 18 to line 76, col 35 of module benor: 12226791
@!@!@ENDMSG 2221 @!@!@
@!@!@STARTMSG 2221:0 @!@!@
  line 77, col 26 to line 77, col 62 of module benor: 6909910
@!@!@ENDMSG 2221 @!@!@
@!@!@STARTMSG 2221:0 @!@!@
  line 78, col 26 to line 78, col 133 of module benor: 6909910
@!@!@ENDMSG 2221 @!@!@
@!@!@STARTMSG 2221:0 @!@!@
  |line 78, col 36 to line 78, col 132 of module benor: 6909910
@!@!@ENDMSG 2221 @!@!@
@!@!@STARTMSG 2221:0 @!@!@
  ||line 78, col 36 to line 78, col 40 of module benor: 6909910
@!@!@ENDMSG 2221 @!@!@
@!@!@STARTMSG 2775:0 @!@!@
  ||line 78, col 49 to line 78, col 132 of module benor: 6909911:34549555
@!@!@ENDMSG 2775 @!@!@
@!@!@STARTMSG 2221:0 @!@!@
  |||line 78, col 50 to line 78, col 114 of module benor: 27639644
@!@!@ENDMSG 2221 @!@!@
@!@!@STARTMSG 2221:0 @!@!@
  |||line 78, col 127 to line 78, col 131 of module benor: 6909911
@!@!@ENDMSG 2221 @!@!@
@!@!@STARTMSG 2221:0 @!@!@
  line 79, col 26 to line 79, col 57 of module benor: 6909911
@!@!@ENDMSG 2221 @!@!@
@!@!@STARTMSG 2221:0 @!@!@
  line 80, col 26 to line 80, col 59 of module benor: 5316886
@!@!@ENDMSG 2221 @!@!@
@!@!@STARTMSG 2221:0 @!@!@
  line 81, col 26 to line 81, col 49 of module benor: 5316880
@!@!@ENDMSG 2221 @!@!@
@!@!@STARTMSG 2221:0 @!@!@
  line 82, col 15 to line 82, col 47 of module benor: 12226788
@!@!@ENDMSG 2221 @!@!@
@!@!@STARTMSG 2772:0 @!@!@
<P1 line 84, col 1 to line 84, col 8 of module benor>: 2531693:6458484
@!@!@ENDMSG 2772 @!@!@
@!@!@STARTMSG 2221:0 @!@!@
  line 84, col 16 to line 84, col 30 of module benor: 40539472
@!@!@ENDMSG 2221 @!@!@
@!@!@STARTMSG 2221:0 @!@!@
  |line 84, col 16 to line 84, col 23 of module benor: 34080988
@!@!@ENDMSG 2221 @!@!@
@!@!@STARTMSG 2221:0 @!@!@
  line 85, col 17 to line 85, col 98 of module benor: 6458485
@!@!@ENDMSG 2221 @!@!@
@!@!@STARTMSG 2221:0 @!@!@
  |line 85, col 17 to line 85, col 87 of module benor: 7073930
@!@!@ENDMSG 2221 @!@!@
@!@!@STARTMSG 2221:0 @!@!@
  ||line 85, col 29 to line 85, col 86 of module benor: 7073930
@!@!@ENDMSG 2221 @!@!@
@!@!@STARTMSG 2221:0 @!@!@
  |||line 85, col 46 to line 85, col 85 of module benor: 483843404
@!@!@ENDMSG 2221 @!@!@
@!@!@STARTMSG 2221:0 @!@!@
  ||||line 85, col 46 to line 85, col 62 of module benor: 483843404
@!@!@ENDMSG 2221 @!@!@
@!@!@STARTMSG 2221:0 @!@!@
  ||||line 85, col 67 to line 85, col 85 of module benor: 120960851
@!@!@ENDMSG 2221 @!@!@
@!@!@STARTMSG 2221:0 @!@!@
  |||line 85, col 38 to line 85, col 42 of module benor: 7073930
@!@!@ENDMSG 2221 @!@!@
@!@!@STARTMSG 2221:0 @!@!@
  |line 85, col 93 to line 85, col 97 of module benor: 7073930
@!@!@ENDMSG 2221 @!@!@
@!@!@STARTMSG 2221:0 @!@!@
  line 86, col 16 to line 88, col 98 of module benor: 6458485
@!@!@ENDMSG 2221 @!@!@
@!@!@STARTMSG 2221:0 @!@!@
  |line 86, col 26 to line 88, col 97 of module benor: 6458485
@!@!@ENDMSG 2221 @!@!@
@!@!@STARTMSG 2221:0 @!@!@
  ||line 86, col 26 to line 86, col 30 of module benor: 6458485
@!@!@ENDMSG 2221 @!@!@
@!@!@STARTMSG 2775:0 @!@!@
  ||line 86, col 39 to line 88, col 97 of module benor: 6458485:32292425
@!@!@ENDMSG 2775 @!@!@
@!@!@STARTMSG 2221:0 @!@!@
  |||line 86, col 40 to line 86, col 97 of module benor: 25833940
@!@!@ENDMSG 2221 @!@!@
@!@!@STARTMSG 2221:0 @!@!@
  |||line 86, col 110 to line 86, col 114 of module benor: 6458485
@!@!@ENDMSG 2221 @!@!@
@!@!@STARTMSG 2221:0 @!@!@
  |||line 87, col 47 to line 88, col 96 of module benor: 6458485
@!@!@ENDMSG 2221 @!@!@
@!@!@STARTMSG 2221:0 @!@!@
  ||||line 87, col 50 to line 87, col 101 of module benor: 6462350
@!@!@ENDMSG 2221 @!@!@
@!@!@STARTMSG 2221:0 @!@!@
  |||||line 87, col 50 to line 87, col 97 of module benor: 6462350
@!@!@ENDMSG 2221 @!@!@
@!@!@STARTMSG 2221:0 @!@!@
  ||||||line 87, col 62 to line 87, col 96 of module benor: 6462350
@!@!@ENDMSG 2221 @!@!@
@!@!@STARTMSG 2221:0 @!@!@
  |||||||line 57, col 24 to line 58, col 79 of module benor: 6462350
@!@!@ENDMSG 2221 @!@!@
@!@!@STARTMSG 2221:0 @!@!@
  ||||||||line 57, col 38 to line 58, col 78 of module benor: 12924700
@!@!@ENDMSG 2221 @!@!@
@!@!@STARTMSG 2221:0 @!@!@
  |||||||||line 57, col 38 to line 58, col 74 of module benor: 12924700
@!@!@ENDMSG 2221 @!@!@
@!@!@STARTMSG 2221:0 @!@!@
  ||||||||||line 57, col 50 to line 58, col 73 of module benor: 12924700
@!@!@ENDMSG 2221 @!@!@
@!@!@STARTMSG 2221:0 @!@!@
  |||||||||||line 57, col 64 to line 58, col 72 of module benor: 894404320
@!@!@ENDMSG 2221 @!@!@
@!@!@STARTMSG 2221:0 @!@!@
  ||||||||||||line 57, col 64 to line 58, col 52 of module benor: 894404320
@!@!@ENDMSG 2221 @!@!@
@!@!@STARTMSG 2221:0 @!@!@
  |||||||||||||line 57, col 64 to line 57, col 80 of module benor: 894404320
@!@!@ENDMSG 2221 @!@!@
@!@!@STARTMSG 2221:0 @!@!@
  ||||||||||||||line 57, col 64 to line 57, col 73 of module benor: 894404320
@!@!@ENDMSG 2221 @!@!@
@!@!@STARTMSG 2221:0 @!@!@
  |||||||||||||||line 57, col 64 to line 57, col 66 of module benor: 894404320
@!@!@ENDMSG 2221 @!@!@
@!@!@STARTMSG 2221:0 @!@!@
  ||||||||||||||line 57, col 77 to line 57, col 80 of module benor: 894404320
@!@!@ENDMSG 2221 @!@!@
@!@!@STARTMSG 2221:0 @!@!@
  |||||||||||||line 58, col 40 to line 58, col 52 of module benor: 223601080
@!@!@ENDMSG 2221 @!@!@
@!@!@STARTMSG 2221:0 @!@!@
  ||||||||||||line 58, col 57 to line 58, col 72 of module benor: 41825188
@!@!@ENDMSG 2221 @!@!@
@!@!@STARTMSG 2221:0 @!@!@
  |||||||||||line 57, col 59 to line 57, col 60 of module benor: 12924700
@!@!@ENDMSG 2221 @!@!@
@!@!@STARTMSG 2221:0 @!@!@
  |||||||||line 58, col 78 to line 58, col 78 of module benor: 12924700
@!@!@ENDMSG 2221 @!@!@
@!@!@STARTMSG 2221:0 @!@!@
  ||||||||line 57, col 31 to line 57, col 34 of module benor: 6462350
@!@!@ENDMSG 2221 @!@!@
@!@!@STARTMSG 2221:0 @!@!@
  |||||||line 87, col 69 to line 87, col 73 of module benor: 6462350
@!@!@ENDMSG 2221 @!@!@
@!@!@STARTMSG 2221:0 @!@!@
  |||||||line 87, col 75 to line 87, col 78 of module benor: 6462350
@!@!@ENDMSG 2221 @!@!@
@!@!@STARTMSG 2221:0 @!@!@
  |||||||line 87, col 80 to line 87, col 86 of module benor: 6462350
@!@!@ENDMSG 2221 @!@!@
@!@!@STARTMSG 2221:0 @!@!@
  |||||||line 87, col 88 to line 87, col 95 of module benor: 6462350
@!@!@ENDMSG 2221 @!@!@
@!@!@STARTMSG 2775:0 @!@!@
  ||||line 88, col 93 to line 88, col 96 of module benor: 6462350:12924700
@!@!@ENDMSG 2775 @!@!@
@!@!@STARTMSG 2221:0 @!@!@
  line 89, col 16 to line 89, col 47 of module benor: 6462350
@!@!@ENDMSG 2221 @!@!@
@!@!@STARTMSG 2221:0 @!@!@
  line 90, col 16 to line 90, col 51 of module benor: 6458485
@!@!@ENDMSG 2221 @!@!@
@!@!@STARTMSG 2772:0 @!@!@
<P2 line 92, col 1 to line 92, col 8 of module benor>: 2742278:9482342
@!@!@ENDMSG 2772 @!@!@
@!@!@STARTMSG 2221:0 @!@!@
  line 92, col 16 to line 92, col 30 of module benor: 43590997
@!@!@ENDMSG 2221 @!@!@
@!@!@STARTMSG 2221:0 @!@!@
  |line 92, col 16 to line 92, col 23 of module benor: 34108655
@!@!@ENDMSG 2221 @!@!@
@!@!@STARTMSG 2221:0 @!@!@
  line 93, col 17 to line 93, col 98 of module benor: 9482342
@!@!@ENDMSG 2221 @!@!@
@!@!@STARTMSG 2221:0 @!@!@
  |line 93, col 17 to line 93, col 87 of module benor: 10310360
@!@!@ENDMSG 2221 @!@!@
@!@!@STARTMSG 2221:0 @!@!@
  ||line 93, col 29 to line 93, col 86 of module benor: 10310360
@!@!@ENDMSG 2221 @!@!@
@!@!@STARTMSG 2221:0 @!@!@
  |||line 93, col 46 to line 93, col 85 of module benor: 677679600
@!@!@ENDMSG 2221 @!@!@
@!@!@STARTMSG 2221:0 @!@!@
  ||||line 93, col 46 to line 93, col 62 of module benor: 677679600
@!@!@ENDMSG 2221 @!@!@
@!@!@STARTMSG 2221:0 @!@!@
  ||||line 93, col 67 to line 93, col 85 of module benor: 169419900
@!@!@ENDMSG 2221 @!@!@
@!@!@STARTMSG 2221:0 @!@!@
  |||line 93, col 38 to line 93, col 42 of module benor: 10311609
@!@!@ENDMSG 2221 @!@!@
@!@!@STARTMSG 2221:0 @!@!@
  |line 93, col 93 to line 93, col 97 of module benor: 10311608
@!@!@ENDMSG 2221 @!@!@
@!@!@STARTMSG 2221:0 @!@!@
  line 94, col 19 to line 94, col 63 of module benor: 9483592
@!@!@ENDMSG 2221 @!@!@
@!@!@STARTMSG 2221:0 @!@!@
  |line 94, col 19 to line 94, col 59 of module benor: 9483592
@!@!@ENDMSG 2221 @!@!@
@!@!@STARTMSG 2221:0 @!@!@
  ||line 94, col 31 to line 94, col 58 of module benor: 9483592
@!@!@ENDMSG 2221 @!@!@
@!@!@STARTMSG 2221:0 @!@!@
  |||line 57, col 24 to line 58, col 79 of module benor: 9483592
@!@!@ENDMSG 2221 @!@!@
@!@!@STARTMSG 2221:0 @!@!@
  ||||line 57, col 38 to line 58, col 78 of module benor: 18967184
@!@!@ENDMSG 2221 @!@!@
@!@!@STARTMSG 2221:0 @!@!@
  |||||line 57, col 38 to line 58, col 74 of module benor: 18967184
@!@!@ENDMSG 2221 @!@!@
@!@!@STARTMSG 2221:0 @!@!@
  ||||||line 57, col 50 to line 58, col 73 of module benor: 18967184
@!@!@ENDMSG 2221 @!@!@
@!@!@STARTMSG 2221:0 @!@!@
  |||||||line 57, col 64 to line 58, col 72 of module benor: 1255272144
@!@!@ENDMSG 2221 @!@!@
@!@!@STARTMSG 2221:0 @!@!@
  ||||||||line 57, col 64 to line 58, col 52 of module benor: 1255272144
@!@!@ENDMSG 2221 @!@!@
@!@!@STARTMSG 2221:0 @!@!@
  |||||||||line 57, col 64 to line 57, col 80 of module benor: 1255272144
@!@!@ENDMSG 2221 @!@!@
@!@!@STARTMSG 2221:0 @!@!@
  |||||||||line 58, col 40 to line 58, col 52 of module benor: 313818036
@!@!@ENDMSG 2221 @!@!@
@!@!@STARTMSG 2221:0 @!@!@
  ||||||||line 58, col 57 to line 58, col 72 of module benor: 56005996
@!@!@ENDMSG 2221 @!@!@
@!@!@STARTMSG 2221:0 @!@!@
  |||||||line 57, col 59 to line 57, col 60 of module benor: 18967185
@!@!@ENDMSG 2221 @!@!@
@!@!@STARTMSG 2221:0 @!@!@
  |||||line 58, col 78 to line 58, col 78 of module benor: 18967185
@!@!@ENDMSG 2221 @!@!@
@!@!@STARTMSG 2221:0 @!@!@
  ||||line 57, col 31 to line 57, col 34 of module benor: 9483593
@!@!@ENDMSG 2221 @!@!@
@!@!@STARTMSG 2221:0 @!@!@
  |||line 94, col 38 to line 94, col 42 of module benor: 9483593
@!@!@ENDMSG 2221 @!@!@
@!@!@STARTMSG 2221:0 @!@!@
  |||line 94, col 44 to line 94, col 47 of module benor: 9483593
@!@!@ENDMSG 2221 @!@!@
@!@!@STARTMSG 2221:0 @!@!@
  |||line 94, col 49 to line 94, col 55 of module benor: 9483593
@!@!@ENDMSG 2221 @!@!@
@!@!@STARTMSG 2221:0 @!@!@
  |||line 94, col 57 to line 94, col 57 of module benor: 9483593
@!@!@ENDMSG 2221 @!@!@
@!@!@STARTMSG 2221:0 @!@!@
  line 95, col 27 to line 95, col 112 of module benor: 0
@!@!@ENDMSG 2221 @!@!@
@!@!@STARTMSG 2221:0 @!@!@
  line 96, col 27 to line 96, col 32 of module benor: 0
@!@!@ENDMSG 2221 @!@!@
@!@!@STARTMSG 2221:0 @!@!@
  line 97, col 30 to line 97, col 74 of module benor: 9483593
@!@!@ENDMSG 2221 @!@!@
@!@!@STARTMSG 2221:0 @!@!@
  |line 97, col 30 to line 97, col 70 of module benor: 9483593
@!@!@ENDMSG 2221 @!@!@
@!@!@STARTMSG 2221:0 @!@!@
  ||line 97, col 42 to line 97, col 69 of module benor: 9483593
@!@!@ENDMSG 2221 @!@!@
@!@!@STARTMSG 2221:0 @!@!@
  |||line 57, col 24 to line 58, col 79 of module benor: 9483594
@!@!@ENDMSG 2221 @!@!@
@!@!@STARTMSG 2221:0 @!@!@
  ||||line 57, col 38 to line 58, col 78 of module benor: 18967188
@!@!@ENDMSG 2221 @!@!@
@!@!@STARTMSG 2221:0 @!@!@
  |||||line 57, col 38 to line 58, col 74 of module benor: 18967188
@!@!@ENDMSG 2221 @!@!@
@!@!@STARTMSG 2221:0 @!@!@
  ||||||line 57, col 50 to line 58, col 73 of module benor: 18967189
@!@!@ENDMSG 2221 @!@!@
@!@!@STARTMSG 2221:0 @!@!@
  |||||||line 57, col 64 to line 58, col 72 of module benor: 1255272528
@!@!@ENDMSG 2221 @!@!@
@!@!@STARTMSG 2221:0 @!@!@
  ||||||||line 57, col 64 to line 58, col 52 of module benor: 1255272600
@!@!@ENDMSG 2221 @!@!@
@!@!@STARTMSG 2221:0 @!@!@
  |||||||||line 57, col 64 to line 57, col 80 of module benor: 1255272600
@!@!@ENDMSG 2221 @!@!@
@!@!@STARTMSG 2221:0 @!@!@
  |||||||||line 58, col 40 to line 58, col 52 of module benor: 313818150
@!@!@ENDMSG 2221 @!@!@
@!@!@STARTMSG 2221:0 @!@!@
  ||||||||line 58, col 57 to line 58, col 72 of module benor: 56006014
@!@!@ENDMSG 2221 @!@!@
@!@!@STARTMSG 2221:0 @!@!@
  |||||||line 57, col 59 to line 57, col 60 of module benor: 18968793
@!@!@ENDMSG 2221 @!@!@
@!@!@STARTMSG 2221:0 @!@!@
  |||||line 58, col 78 to line 58, col 78 of module benor: 18968792
@!@!@ENDMSG 2221 @!@!@
@!@!@STARTMSG 2221:0 @!@!@
  ||||line 57, col 31 to line 57, col 34 of module benor: 9484398
@!@!@ENDMSG 2221 @!@!@
@!@!@STARTMSG 2221:0 @!@!@
  |||line 97, col 49 to line 97, col 53 of module benor: 9484398
@!@!@ENDMSG 2221 @!@!@
@!@!@STARTMSG 2221:0 @!@!@
  |||line 97, col 55 to line 97, col 58 of module benor: 9484398
@!@!@ENDMSG 2221 @!@!@
@!@!@STARTMSG 2221:0 @!@!@
  |||line 97, col 60 to line 97, col 66 of module benor: 9484398
@!@!@ENDMSG 2221 @!@!@
@!@!@STARTMSG 2221:0 @!@!@
  line 98, col 38 to line 98, col 111 of module benor: 7677058
@!@!@ENDMSG 2221 @!@!@
@!@!@STARTMSG 2221:0 @!@!@
  |line 98, col 43 to line 98, col 111 of module benor: 7677059
@!@!@ENDMSG 2221 @!@!@
@!@!@STARTMSG 2221:0 @!@!@
  ||line 98, col 44 to line 98, col 44 of module benor: 7677059
@!@!@ENDMSG 2221 @!@!@
@!@!@STARTMSG 2221:0 @!@!@
  ||line 98, col 53 to line 98, col 110 of module benor: 7675261
@!@!@ENDMSG 2221 @!@!@
@!@!@STARTMSG 2221:0 @!@!@
  ||line 98, col 63 to line 98, col 110 of module benor: 7677060
@!@!@ENDMSG 2221 @!@!@
@!@!@STARTMSG 2221:0 @!@!@
  |||line 98, col 107 to line 98, col 110 of module benor: 7677059
@!@!@ENDMSG 2221 @!@!@
@!@!@STARTMSG 2221:0 @!@!@
  |||line 98, col 76 to line 98, col 103 of module benor: 7677060
@!@!@ENDMSG 2221 @!@!@
@!@!@STARTMSG 2775:0 @!@!@
  ||||line 57, col 24 to line 58, col 79 of module benor: 7677060:7677059
@!@!@ENDMSG 2775 @!@!@
@!@!@STARTMSG 2221:0 @!@!@
  |||||line 57, col 38 to line 58, col 78 of module benor: 15354119
@!@!@ENDMSG 2221 @!@!@
@!@!@STARTMSG 2221:0 @!@!@
  ||||||line 57, col 38 to line 58, col 74 of module benor: 15354119
@!@!@ENDMSG 2221 @!@!@
@!@!@STARTMSG 2221:0 @!@!@
  |||||||line 57, col 50 to line 58, col 73 of module benor: 15354119
@!@!@ENDMSG 2221 @!@!@
@!@!@STARTMSG 2221:0 @!@!@
  ||||||||line 57, col 64 to line 58, col 72 of module benor: 1016074313
@!@!@ENDMSG 2221 @!@!@
@!@!@STARTMSG 2221:0 @!@!@
  |||||||||line 57, col 64 to line 58, col 52 of module benor: 1016074421
@!@!@ENDMSG 2221 @!@!@
@!@!@STARTMSG 2221:0 @!@!@
  ||||||||||line 57, col 64 to line 57, col 80 of module benor: 1016074421
@!@!@ENDMSG 2221 @!@!@
@!@!@STARTMSG 2221:0 @!@!@
  ||||||||||line 58, col 40 to line 58, col 52 of module benor: 254018607
@!@!@ENDMSG 2221 @!@!@
@!@!@STARTMSG 2221:0 @!@!@
  |||||||||line 58, col 57 to line 58, col 72 of module benor: 48122940
@!@!@ENDMSG 2221 @!@!@
@!@!@STARTMSG 2221:0 @!@!@
  ||||||||line 57, col 59 to line 57, col 60 of module benor: 15354121
@!@!@ENDMSG 2221 @!@!@
@!@!@STARTMSG 2221:0 @!@!@
  ||||||line 58, col 78 to line 58, col 78 of module benor: 15354119
@!@!@ENDMSG 2221 @!@!@
@!@!@STARTMSG 2221:0 @!@!@
  |||||line 57, col 31 to line 57, col 34 of module benor: 7677061
@!@!@ENDMSG 2221 @!@!@
@!@!@STARTMSG 2221:0 @!@!@
  ||||line 98, col 83 to line 98, col 87 of module benor: 7677061
@!@!@ENDMSG 2221 @!@!@
@!@!@STARTMSG 2221:0 @!@!@
  ||||line 98, col 89 to line 98, col 92 of module benor: 7677061
@!@!@ENDMSG 2221 @!@!@
@!@!@STARTMSG 2221:0 @!@!@
  ||||line 98, col 94 to line 98, col 100 of module benor: 7677060
@!@!@ENDMSG 2221 @!@!@
@!@!@STARTMSG 2221:0 @!@!@
  line 99, col 35 to line 99, col 87 of module benor: 1807081
@!@!@ENDMSG 2221 @!@!@
@!@!@STARTMSG 2221:0 @!@!@
  line 100, col 27 to line 100, col 43 of module benor: 9482342
@!@!@ENDMSG 2221 @!@!@
@!@!@STARTMSG 2221:0 @!@!@
  line 101, col 16 to line 101, col 46 of module benor: 9484397
@!@!@ENDMSG 2221 @!@!@
@!@!@STARTMSG 2221:0 @!@!@
  line 102, col 16 to line 102, col 46 of module benor: 9482342
@!@!@ENDMSG 2221 @!@!@
@!@!@STARTMSG 2772:0 @!@!@
<Terminating line 107, col 1 to line 107, col 11 of module benor>: 0:0
@!@!@ENDMSG 2772 @!@!@
@!@!@STARTMSG 2221:0 @!@!@
  line 107, col 40 to line 107, col 56 of module benor: 9949243
@!@!@ENDMSG 2221 @!@!@
@!@!@STARTMSG 2221:0 @!@!@
  line 107, col 31 to line 107, col 37 of module benor: 8529307
@!@!@ENDMSG 2221 @!@!@
@!@!@STARTMSG 2221:0 @!@!@
  line 108, col 19 to line 108, col 32 of module benor: 0
@!@!@ENDMSG 2221 @!@!@
@!@!@STARTMSG 2777:0 @!@!@
End of statistics (please note that for performance reasons large models
are best checked with coverage and cost statistics disabled).
@!@!@ENDMSG 2777 @!@!@
@!@!@STARTMSG 2200:0 @!@!@
Progress(59) at 2019-11-19 16:49:06: 30,332,732 states generated (2,172,646 s/min), 10,063,100 distinct states found (695,516 ds/min), 823,545 states left on queue.
@!@!@ENDMSG 2200 @!@!@
@!@!@STARTMSG 2200:0 @!@!@
Progress(60) at 2019-11-19 16:50:06: 32,889,199 states generated (2,556,467 s/min), 10,873,866 distinct states found (810,766 ds/min), 757,775 states left on queue.
@!@!@ENDMSG 2200 @!@!@
@!@!@STARTMSG 2200:0 @!@!@
Progress(61) at 2019-11-19 16:51:06: 35,493,679 states generated (2,604,480 s/min), 11,685,601 distinct states found (811,735 ds/min), 621,608 states left on queue.
@!@!@ENDMSG 2200 @!@!@
@!@!@STARTMSG 2200:0 @!@!@
Progress(63) at 2019-11-19 16:52:06: 38,023,011 states generated (2,529,332 s/min), 12,466,006 distinct states found (780,405 ds/min), 380,553 states left on queue.
@!@!@ENDMSG 2200 @!@!@
@!@!@STARTMSG 2201:0 @!@!@
The coverage statistics at 2019-11-19 16:52:06
@!@!@ENDMSG 2201 @!@!@
@!@!@STARTMSG 2773:0 @!@!@
<Init line 66, col 1 to line 66, col 4 of module benor>: 1:1
@!@!@ENDMSG 2773 @!@!@
@!@!@STARTMSG 2221:0 @!@!@
  line 67, col 9 to line 73, col 42 of module benor: 1
@!@!@ENDMSG 2221 @!@!@
@!@!@STARTMSG 2772:0 @!@!@
<A line 75, col 1 to line 75, col 7 of module benor>: 5845323:17616885
@!@!@ENDMSG 2772 @!@!@
@!@!@STARTMSG 2221:0 @!@!@
  line 75, col 15 to line 75, col 28 of module benor: 65958693
@!@!@ENDMSG 2221 @!@!@
@!@!@STARTMSG 2221:0 @!@!@
  |line 75, col 15 to line 75, col 22 of module benor: 48341808
@!@!@ENDMSG 2221 @!@!@
@!@!@STARTMSG 2221:0 @!@!@
  line 76, col 18 to line 76, col 35 of module benor: 17616885
@!@!@ENDMSG 2221 @!@!@
@!@!@STARTMSG 2221:0 @!@!@
  line 77, col 26 to line 77, col 62 of module benor: 8006063
@!@!@ENDMSG 2221 @!@!@
@!@!@STARTMSG 2221:0 @!@!@
  line 78, col 26 to line 78, col 133 of module benor: 8006063
@!@!@ENDMSG 2221 @!@!@
@!@!@STARTMSG 2221:0 @!@!@
  |line 78, col 36 to line 78, col 132 of module benor: 8006063
@!@!@ENDMSG 2221 @!@!@
@!@!@STARTMSG 2221:0 @!@!@
  ||line 78, col 36 to line 78, col 40 of module benor: 8006063
@!@!@ENDMSG 2221 @!@!@
@!@!@STARTMSG 2775:0 @!@!@
  ||line 78, col 49 to line 78, col 132 of module benor: 8006063:40030315
@!@!@ENDMSG 2775 @!@!@
@!@!@STARTMSG 2221:0 @!@!@
  |||line 78, col 50 to line 78, col 114 of module benor: 32024252
@!@!@ENDMSG 2221 @!@!@
@!@!@STARTMSG 2221:0 @!@!@
  |||line 78, col 127 to line 78, col 131 of module benor: 8006063
@!@!@ENDMSG 2221 @!@!@
@!@!@STARTMSG 2221:0 @!@!@
  line 79, col 26 to line 79, col 57 of module benor: 8006063
@!@!@ENDMSG 2221 @!@!@
@!@!@STARTMSG 2221:0 @!@!@
  line 80, col 26 to line 80, col 59 of module benor: 9610822
@!@!@ENDMSG 2221 @!@!@
@!@!@STARTMSG 2221:0 @!@!@
  line 81, col 26 to line 81, col 49 of module benor: 9610822
@!@!@ENDMSG 2221 @!@!@
@!@!@STARTMSG 2221:0 @!@!@
  line 82, col 15 to line 82, col 47 of module benor: 17616885
@!@!@ENDMSG 2221 @!@!@
@!@!@STARTMSG 2772:0 @!@!@
<P1 line 84, col 1 to line 84, col 8 of module benor>: 3129437:7970671
@!@!@ENDMSG 2772 @!@!@
@!@!@STARTMSG 2221:0 @!@!@
  line 84, col 16 to line 84, col 30 of module benor: 56312478
@!@!@ENDMSG 2221 @!@!@
@!@!@STARTMSG 2221:0 @!@!@
  |line 84, col 16 to line 84, col 23 of module benor: 48341807
@!@!@ENDMSG 2221 @!@!@
@!@!@STARTMSG 2221:0 @!@!@
  line 85, col 17 to line 85, col 98 of module benor: 7970671
@!@!@ENDMSG 2221 @!@!@
@!@!@STARTMSG 2221:0 @!@!@
  |line 85, col 17 to line 85, col 87 of module benor: 8586116
@!@!@ENDMSG 2221 @!@!@
@!@!@STARTMSG 2221:0 @!@!@
  ||line 85, col 29 to line 85, col 86 of module benor: 8586116
@!@!@ENDMSG 2221 @!@!@
@!@!@STARTMSG 2221:0 @!@!@
  |||line 85, col 46 to line 85, col 85 of module benor: 603558172
@!@!@ENDMSG 2221 @!@!@
@!@!@STARTMSG 2221:0 @!@!@
  ||||line 85, col 46 to line 85, col 62 of module benor: 603558172
@!@!@ENDMSG 2221 @!@!@
@!@!@STARTMSG 2221:0 @!@!@
  ||||line 85, col 67 to line 85, col 85 of module benor: 150889543
@!@!@ENDMSG 2221 @!@!@
@!@!@STARTMSG 2221:0 @!@!@
  |||line 85, col 38 to line 85, col 42 of module benor: 8586116
@!@!@ENDMSG 2221 @!@!@
@!@!@STARTMSG 2221:0 @!@!@
  |line 85, col 93 to line 85, col 97 of module benor: 8586116
@!@!@ENDMSG 2221 @!@!@
@!@!@STARTMSG 2221:0 @!@!@
  line 86, col 16 to line 88, col 98 of module benor: 7970671
@!@!@ENDMSG 2221 @!@!@
@!@!@STARTMSG 2221:0 @!@!@
  |line 86, col 26 to line 88, col 97 of module benor: 7970671
@!@!@ENDMSG 2221 @!@!@
@!@!@STARTMSG 2221:0 @!@!@
  ||line 86, col 26 to line 86, col 30 of module benor: 7970671
@!@!@ENDMSG 2221 @!@!@
@!@!@STARTMSG 2775:0 @!@!@
  ||line 86, col 39 to line 88, col 97 of module benor: 7970671:39853355
@!@!@ENDMSG 2775 @!@!@
@!@!@STARTMSG 2221:0 @!@!@
  |||line 86, col 40 to line 86, col 97 of module benor: 31882684
@!@!@ENDMSG 2221 @!@!@
@!@!@STARTMSG 2221:0 @!@!@
  |||line 86, col 110 to line 86, col 114 of module benor: 7970671
@!@!@ENDMSG 2221 @!@!@
@!@!@STARTMSG 2221:0 @!@!@
  |||line 87, col 47 to line 88, col 96 of module benor: 7970671
@!@!@ENDMSG 2221 @!@!@
@!@!@STARTMSG 2221:0 @!@!@
  ||||line 87, col 50 to line 87, col 101 of module benor: 7970671
@!@!@ENDMSG 2221 @!@!@
@!@!@STARTMSG 2221:0 @!@!@
  |||||line 87, col 50 to line 87, col 97 of module benor: 7971685
@!@!@ENDMSG 2221 @!@!@
@!@!@STARTMSG 2221:0 @!@!@
  ||||||line 87, col 62 to line 87, col 96 of module benor: 7971685
@!@!@ENDMSG 2221 @!@!@
@!@!@STARTMSG 2221:0 @!@!@
  |||||||line 57, col 24 to line 58, col 79 of module benor: 7971685
@!@!@ENDMSG 2221 @!@!@
@!@!@STARTMSG 2221:0 @!@!@
  ||||||||line 57, col 38 to line 58, col 78 of module benor: 15943370
@!@!@ENDMSG 2221 @!@!@
@!@!@STARTMSG 2221:0 @!@!@
  |||||||||line 57, col 38 to line 58, col 74 of module benor: 15943370
@!@!@ENDMSG 2221 @!@!@
@!@!@STARTMSG 2221:0 @!@!@
  ||||||||||line 57, col 50 to line 58, col 73 of module benor: 15943370
@!@!@ENDMSG 2221 @!@!@
@!@!@STARTMSG 2221:0 @!@!@
  |||||||||||line 57, col 64 to line 58, col 72 of module benor: 1133394504
@!@!@ENDMSG 2221 @!@!@
@!@!@STARTMSG 2221:0 @!@!@
  ||||||||||||line 57, col 64 to line 58, col 52 of module benor: 1133394504
@!@!@ENDMSG 2221 @!@!@
@!@!@STARTMSG 2221:0 @!@!@
  |||||||||||||line 57, col 64 to line 57, col 80 of module benor: 1133394504
@!@!@ENDMSG 2221 @!@!@
@!@!@STARTMSG 2221:0 @!@!@
  |||||||||||||line 58, col 40 to line 58, col 52 of module benor: 283348626
@!@!@ENDMSG 2221 @!@!@
@!@!@STARTMSG 2221:0 @!@!@
  ||||||||||||line 58, col 57 to line 58, col 72 of module benor: 53636216
@!@!@ENDMSG 2221 @!@!@
@!@!@STARTMSG 2221:0 @!@!@
  |||||||||||line 57, col 59 to line 57, col 60 of module benor: 15943370
@!@!@ENDMSG 2221 @!@!@
@!@!@STARTMSG 2221:0 @!@!@
  |||||||||line 58, col 78 to line 58, col 78 of module benor: 15943370
@!@!@ENDMSG 2221 @!@!@
@!@!@STARTMSG 2221:0 @!@!@
  ||||||||line 57, col 31 to line 57, col 34 of module benor: 7971685
@!@!@ENDMSG 2221 @!@!@
@!@!@STARTMSG 2221:0 @!@!@
  |||||||line 87, col 69 to line 87, col 73 of module benor: 7971685
@!@!@ENDMSG 2221 @!@!@
@!@!@STARTMSG 2221:0 @!@!@
  |||||||line 87, col 75 to line 87, col 78 of module benor: 7971685
@!@!@ENDMSG 2221 @!@!@
@!@!@STARTMSG 2221:0 @!@!@
  |||||||line 87, col 80 to line 87, col 86 of module benor: 7971685
@!@!@ENDMSG 2221 @!@!@
@!@!@STARTMSG 2221:0 @!@!@
  |||||||line 87, col 88 to line 87, col 95 of module benor: 7971685
@!@!@ENDMSG 2221 @!@!@
@!@!@STARTMSG 2775:0 @!@!@
  ||||line 88, col 93 to line 88, col 96 of module benor: 7971685:15943370
@!@!@ENDMSG 2775 @!@!@
@!@!@STARTMSG 2221:0 @!@!@
  line 89, col 16 to line 89, col 47 of module benor: 7971685
@!@!@ENDMSG 2221 @!@!@
@!@!@STARTMSG 2221:0 @!@!@
  line 90, col 16 to line 90, col 51 of module benor: 7970671
@!@!@ENDMSG 2221 @!@!@
@!@!@STARTMSG 2772:0 @!@!@
<P2 line 92, col 1 to line 92, col 8 of module benor>: 3492052:12440134
@!@!@ENDMSG 2772 @!@!@
@!@!@STARTMSG 2221:0 @!@!@
  line 92, col 16 to line 92, col 30 of module benor: 60814709
@!@!@ENDMSG 2221 @!@!@
@!@!@STARTMSG 2221:0 @!@!@
  |line 92, col 16 to line 92, col 23 of module benor: 48374575
@!@!@ENDMSG 2221 @!@!@
@!@!@STARTMSG 2221:0 @!@!@
  line 93, col 17 to line 93, col 98 of module benor: 12440134
@!@!@ENDMSG 2221 @!@!@
@!@!@STARTMSG 2221:0 @!@!@
  |line 93, col 17 to line 93, col 87 of module benor: 13268150
@!@!@ENDMSG 2221 @!@!@
@!@!@STARTMSG 2221:0 @!@!@
  ||line 93, col 29 to line 93, col 86 of module benor: 13268150
@!@!@ENDMSG 2221 @!@!@
@!@!@STARTMSG 2221:0 @!@!@
  |||line 93, col 46 to line 93, col 85 of module benor: 906844144
@!@!@ENDMSG 2221 @!@!@
@!@!@STARTMSG 2221:0 @!@!@
  ||||line 93, col 46 to line 93, col 62 of module benor: 906844144
@!@!@ENDMSG 2221 @!@!@
@!@!@STARTMSG 2221:0 @!@!@
  ||||line 93, col 67 to line 93, col 85 of module benor: 226711036
@!@!@ENDMSG 2221 @!@!@
@!@!@STARTMSG 2221:0 @!@!@
  |||line 93, col 38 to line 93, col 42 of module benor: 13268150
@!@!@ENDMSG 2221 @!@!@
@!@!@STARTMSG 2221:0 @!@!@
  |line 93, col 93 to line 93, col 97 of module benor: 13268150
@!@!@ENDMSG 2221 @!@!@
@!@!@STARTMSG 2221:0 @!@!@
  line 94, col 19 to line 94, col 63 of module benor: 12440134
@!@!@ENDMSG 2221 @!@!@
@!@!@STARTMSG 2221:0 @!@!@
  |line 94, col 19 to line 94, col 59 of module benor: 12440134
@!@!@ENDMSG 2221 @!@!@
@!@!@STARTMSG 2221:0 @!@!@
  ||line 94, col 31 to line 94, col 58 of module benor: 12440134
@!@!@ENDMSG 2221 @!@!@
@!@!@STARTMSG 2221:0 @!@!@
  |||line 57, col 24 to line 58, col 79 of module benor: 12440134
@!@!@ENDMSG 2221 @!@!@
@!@!@STARTMSG 2221:0 @!@!@
  ||||line 57, col 38 to line 58, col 78 of module benor: 24880268
@!@!@ENDMSG 2221 @!@!@
@!@!@STARTMSG 2221:0 @!@!@
  |||||line 57, col 38 to line 58, col 74 of module benor: 24880268
@!@!@ENDMSG 2221 @!@!@
@!@!@STARTMSG 2221:0 @!@!@
  ||||||line 57, col 50 to line 58, col 73 of module benor: 24880268
@!@!@ENDMSG 2221 @!@!@
@!@!@STARTMSG 2221:0 @!@!@
  |||||||line 57, col 64 to line 58, col 72 of module benor: 1713413312
@!@!@ENDMSG 2221 @!@!@
@!@!@STARTMSG 2221:0 @!@!@
  ||||||||line 57, col 64 to line 58, col 52 of module benor: 1713413312
@!@!@ENDMSG 2221 @!@!@
@!@!@STARTMSG 2221:0 @!@!@
  |||||||||line 57, col 64 to line 57, col 80 of module benor: 1713413312
@!@!@ENDMSG 2221 @!@!@
@!@!@STARTMSG 2221:0 @!@!@
  |||||||||line 58, col 40 to line 58, col 52 of module benor: 428353328
@!@!@ENDMSG 2221 @!@!@
@!@!@STARTMSG 2221:0 @!@!@
  ||||||||line 58, col 57 to line 58, col 72 of module benor: 76826144
@!@!@ENDMSG 2221 @!@!@
@!@!@STARTMSG 2221:0 @!@!@
  |||||||line 57, col 59 to line 57, col 60 of module benor: 24880268
@!@!@ENDMSG 2221 @!@!@
@!@!@STARTMSG 2221:0 @!@!@
  |||||line 58, col 78 to line 58, col 78 of module benor: 24880268
@!@!@ENDMSG 2221 @!@!@
@!@!@STARTMSG 2221:0 @!@!@
  ||||line 57, col 31 to line 57, col 34 of module benor: 12440134
@!@!@ENDMSG 2221 @!@!@
@!@!@STARTMSG 2221:0 @!@!@
  |||line 94, col 38 to line 94, col 42 of module benor: 12440134
@!@!@ENDMSG 2221 @!@!@
@!@!@STARTMSG 2221:0 @!@!@
  |||line 94, col 44 to line 94, col 47 of module benor: 12440134
@!@!@ENDMSG 2221 @!@!@
@!@!@STARTMSG 2221:0 @!@!@
  |||line 94, col 49 to line 94, col 55 of module benor: 12440134
@!@!@ENDMSG 2221 @!@!@
@!@!@STARTMSG 2221:0 @!@!@
  |||line 94, col 57 to line 94, col 57 of module benor: 12440134
@!@!@ENDMSG 2221 @!@!@
@!@!@STARTMSG 2221:0 @!@!@
  line 95, col 27 to line 95, col 112 of module benor: 0
@!@!@ENDMSG 2221 @!@!@
@!@!@STARTMSG 2221:0 @!@!@
  line 96, col 27 to line 96, col 32 of module benor: 0
@!@!@ENDMSG 2221 @!@!@
@!@!@STARTMSG 2221:0 @!@!@
  line 97, col 30 to line 97, col 74 of module benor: 12440134
@!@!@ENDMSG 2221 @!@!@
@!@!@STARTMSG 2221:0 @!@!@
  |line 97, col 30 to line 97, col 70 of module benor: 12440134
@!@!@ENDMSG 2221 @!@!@
@!@!@STARTMSG 2221:0 @!@!@
  ||line 97, col 42 to line 97, col 69 of module benor: 12440134
@!@!@ENDMSG 2221 @!@!@
@!@!@STARTMSG 2221:0 @!@!@
  |||line 57, col 24 to line 58, col 79 of module benor: 12440134
@!@!@ENDMSG 2221 @!@!@
@!@!@STARTMSG 2221:0 @!@!@
  ||||line 57, col 38 to line 58, col 78 of module benor: 24880268
@!@!@ENDMSG 2221 @!@!@
@!@!@STARTMSG 2221:0 @!@!@
  |||||line 57, col 38 to line 58, col 74 of module benor: 24880268
@!@!@ENDMSG 2221 @!@!@
@!@!@STARTMSG 2221:0 @!@!@
  ||||||line 57, col 50 to line 58, col 73 of module benor: 24880268
@!@!@ENDMSG 2221 @!@!@
@!@!@STARTMSG 2221:0 @!@!@
  |||||||line 57, col 64 to line 58, col 72 of module benor: 1713413312
@!@!@ENDMSG 2221 @!@!@
@!@!@STARTMSG 2221:0 @!@!@
  ||||||||line 57, col 64 to line 58, col 52 of module benor: 1713413312
@!@!@ENDMSG 2221 @!@!@
@!@!@STARTMSG 2221:0 @!@!@
  |||||||||line 57, col 64 to line 57, col 80 of module benor: 1713413312
@!@!@ENDMSG 2221 @!@!@
@!@!@STARTMSG 2221:0 @!@!@
  |||||||||line 58, col 40 to line 58, col 52 of module benor: 428353328
@!@!@ENDMSG 2221 @!@!@
@!@!@STARTMSG 2221:0 @!@!@
  ||||||||line 58, col 57 to line 58, col 72 of module benor: 76826144
@!@!@ENDMSG 2221 @!@!@
@!@!@STARTMSG 2221:0 @!@!@
  |||||||line 57, col 59 to line 57, col 60 of module benor: 24880268
@!@!@ENDMSG 2221 @!@!@
@!@!@STARTMSG 2221:0 @!@!@
  |||||line 58, col 78 to line 58, col 78 of module benor: 24880268
@!@!@ENDMSG 2221 @!@!@
@!@!@STARTMSG 2221:0 @!@!@
  ||||line 57, col 31 to line 57, col 34 of module benor: 12440134
@!@!@ENDMSG 2221 @!@!@
@!@!@STARTMSG 2221:0 @!@!@
  |||line 97, col 49 to line 97, col 53 of module benor: 12440134
@!@!@ENDMSG 2221 @!@!@
@!@!@STARTMSG 2221:0 @!@!@
  |||line 97, col 55 to line 97, col 58 of module benor: 12440134
@!@!@ENDMSG 2221 @!@!@
@!@!@STARTMSG 2221:0 @!@!@
  |||line 97, col 60 to line 97, col 66 of module benor: 12440134
@!@!@ENDMSG 2221 @!@!@
@!@!@STARTMSG 2221:0 @!@!@
  line 98, col 38 to line 98, col 111 of module benor: 10438324
@!@!@ENDMSG 2221 @!@!@
@!@!@STARTMSG 2221:0 @!@!@
  |line 98, col 43 to line 98, col 111 of module benor: 10438324
@!@!@ENDMSG 2221 @!@!@
@!@!@STARTMSG 2221:0 @!@!@
  ||line 98, col 44 to line 98, col 44 of module benor: 10438324
@!@!@ENDMSG 2221 @!@!@
@!@!@STARTMSG 2221:0 @!@!@
  ||line 98, col 53 to line 98, col 110 of module benor: 10438324
@!@!@ENDMSG 2221 @!@!@
@!@!@STARTMSG 2221:0 @!@!@
  ||line 98, col 63 to line 98, col 110 of module benor: 10438324
@!@!@ENDMSG 2221 @!@!@
@!@!@STARTMSG 2221:0 @!@!@
  |||line 98, col 107 to line 98, col 110 of module benor: 10438324
@!@!@ENDMSG 2221 @!@!@
@!@!@STARTMSG 2221:0 @!@!@
  |||line 98, col 76 to line 98, col 103 of module benor: 10438324
@!@!@ENDMSG 2221 @!@!@
@!@!@STARTMSG 2775:0 @!@!@
  ||||line 57, col 24 to line 58, col 79 of module benor: 10438324:10438324
@!@!@ENDMSG 2775 @!@!@
@!@!@STARTMSG 2221:0 @!@!@
  |||||line 57, col 38 to line 58, col 78 of module benor: 20876648
@!@!@ENDMSG 2221 @!@!@
@!@!@STARTMSG 2221:0 @!@!@
  ||||||line 57, col 38 to line 58, col 74 of module benor: 20876648
@!@!@ENDMSG 2221 @!@!@
@!@!@STARTMSG 2221:0 @!@!@
  |||||||line 57, col 50 to line 58, col 73 of module benor: 20876648
@!@!@ENDMSG 2221 @!@!@
@!@!@STARTMSG 2221:0 @!@!@
  ||||||||line 57, col 64 to line 58, col 72 of module benor: 1444667984
@!@!@ENDMSG 2221 @!@!@
@!@!@STARTMSG 2221:0 @!@!@
  |||||||||line 57, col 64 to line 58, col 52 of module benor: 1444667984
@!@!@ENDMSG 2221 @!@!@
@!@!@STARTMSG 2221:0 @!@!@
  ||||||||||line 57, col 64 to line 57, col 80 of module benor: 1444667984
@!@!@ENDMSG 2221 @!@!@
@!@!@STARTMSG 2221:0 @!@!@
  ||||||||||line 58, col 40 to line 58, col 52 of module benor: 361166996
@!@!@ENDMSG 2221 @!@!@
@!@!@STARTMSG 2221:0 @!@!@
  |||||||||line 58, col 57 to line 58, col 72 of module benor: 67802420
@!@!@ENDMSG 2221 @!@!@
@!@!@STARTMSG 2221:0 @!@!@
  ||||||||line 57, col 59 to line 57, col 60 of module benor: 20876648
@!@!@ENDMSG 2221 @!@!@
@!@!@STARTMSG 2221:0 @!@!@
  ||||||line 58, col 78 to line 58, col 78 of module benor: 20876648
@!@!@ENDMSG 2221 @!@!@
@!@!@STARTMSG 2221:0 @!@!@
  |||||line 57, col 31 to line 57, col 34 of module benor: 10438324
@!@!@ENDMSG 2221 @!@!@
@!@!@STARTMSG 2221:0 @!@!@
  ||||line 98, col 83 to line 98, col 87 of module benor: 10438324
@!@!@ENDMSG 2221 @!@!@
@!@!@STARTMSG 2221:0 @!@!@
  ||||line 98, col 89 to line 98, col 92 of module benor: 10438324
@!@!@ENDMSG 2221 @!@!@
@!@!@STARTMSG 2221:0 @!@!@
  ||||line 98, col 94 to line 98, col 100 of module benor: 10438324
@!@!@ENDMSG 2221 @!@!@
@!@!@STARTMSG 2221:0 @!@!@
  line 99, col 35 to line 99, col 87 of module benor: 2001810
@!@!@ENDMSG 2221 @!@!@
@!@!@STARTMSG 2221:0 @!@!@
  line 100, col 27 to line 100, col 43 of module benor: 12440134
@!@!@ENDMSG 2221 @!@!@
@!@!@STARTMSG 2221:0 @!@!@
  line 101, col 16 to line 101, col 46 of module benor: 12440134
@!@!@ENDMSG 2221 @!@!@
@!@!@STARTMSG 2221:0 @!@!@
  line 102, col 16 to line 102, col 46 of module benor: 12440134
@!@!@ENDMSG 2221 @!@!@
@!@!@STARTMSG 2772:0 @!@!@
<Terminating line 107, col 1 to line 107, col 11 of module benor>: 0:0
@!@!@ENDMSG 2772 @!@!@
@!@!@STARTMSG 2221:0 @!@!@
  line 107, col 40 to line 107, col 56 of module benor: 14974621
@!@!@ENDMSG 2221 @!@!@
@!@!@STARTMSG 2221:0 @!@!@
  line 107, col 31 to line 107, col 37 of module benor: 12093643
@!@!@ENDMSG 2221 @!@!@
@!@!@STARTMSG 2221:0 @!@!@
  line 108, col 19 to line 108, col 32 of module benor: 0
@!@!@ENDMSG 2221 @!@!@
@!@!@STARTMSG 2777:0 @!@!@
End of statistics (please note that for performance reasons large models
are best checked with coverage and cost statistics disabled).
@!@!@ENDMSG 2777 @!@!@
@!@!@STARTMSG 2193:0 @!@!@
Model checking completed. No error has been found.
  Estimates of the probability that TLC did not check all reachable states
  because two distinct states had the same fingerprint:
  calculated (optimistic):  val = 1.8E-5
  based on the actual fingerprints:  val = 1.5E-5
@!@!@ENDMSG 2193 @!@!@
@!@!@STARTMSG 2201:0 @!@!@
The coverage statistics at 2019-11-19 16:52:49
@!@!@ENDMSG 2201 @!@!@
@!@!@STARTMSG 2773:0 @!@!@
<Init line 66, col 1 to line 66, col 4 of module benor>: 1:1
@!@!@ENDMSG 2773 @!@!@
@!@!@STARTMSG 2221:0 @!@!@
  line 67, col 9 to line 73, col 42 of module benor: 1
@!@!@ENDMSG 2221 @!@!@
@!@!@STARTMSG 2772:0 @!@!@
<A line 75, col 1 to line 75, col 7 of module benor>: 6137834:18571321
@!@!@ENDMSG 2772 @!@!@
@!@!@STARTMSG 2221:0 @!@!@
  line 75, col 15 to line 75, col 28 of module benor: 69840693
@!@!@ENDMSG 2221 @!@!@
@!@!@STARTMSG 2221:0 @!@!@
  |line 75, col 15 to line 75, col 22 of module benor: 51269372
@!@!@ENDMSG 2221 @!@!@
@!@!@STARTMSG 2221:0 @!@!@
  line 76, col 18 to line 76, col 35 of module benor: 18571321
@!@!@ENDMSG 2221 @!@!@
@!@!@STARTMSG 2221:0 @!@!@
  line 77, col 26 to line 77, col 62 of module benor: 8006063
@!@!@ENDMSG 2221 @!@!@
@!@!@STARTMSG 2221:0 @!@!@
  line 78, col 26 to line 78, col 133 of module benor: 8006063
@!@!@ENDMSG 2221 @!@!@
@!@!@STARTMSG 2221:0 @!@!@
  |line 78, col 36 to line 78, col 132 of module benor: 8006063
@!@!@ENDMSG 2221 @!@!@
@!@!@STARTMSG 2221:0 @!@!@
  ||line 78, col 36 to line 78, col 40 of module benor: 8006063
@!@!@ENDMSG 2221 @!@!@
@!@!@STARTMSG 2775:0 @!@!@
  ||line 78, col 49 to line 78, col 132 of module benor: 8006063:40030315
@!@!@ENDMSG 2775 @!@!@
@!@!@STARTMSG 2221:0 @!@!@
  |||line 78, col 50 to line 78, col 114 of module benor: 32024252
@!@!@ENDMSG 2221 @!@!@
@!@!@STARTMSG 2221:0 @!@!@
  |||line 78, col 127 to line 78, col 131 of module benor: 8006063
@!@!@ENDMSG 2221 @!@!@
@!@!@STARTMSG 2221:0 @!@!@
  line 79, col 26 to line 79, col 57 of module benor: 8006063
@!@!@ENDMSG 2221 @!@!@
@!@!@STARTMSG 2221:0 @!@!@
  line 80, col 26 to line 80, col 59 of module benor: 10565258
@!@!@ENDMSG 2221 @!@!@
@!@!@STARTMSG 2221:0 @!@!@
  line 81, col 26 to line 81, col 49 of module benor: 10565258
@!@!@ENDMSG 2221 @!@!@
@!@!@STARTMSG 2221:0 @!@!@
  line 82, col 15 to line 82, col 47 of module benor: 18571321
@!@!@ENDMSG 2221 @!@!@
@!@!@STARTMSG 2772:0 @!@!@
<P1 line 84, col 1 to line 84, col 8 of module benor>: 3141589:8006518
@!@!@ENDMSG 2772 @!@!@
@!@!@STARTMSG 2221:0 @!@!@
  line 84, col 16 to line 84, col 30 of module benor: 59275890
@!@!@ENDMSG 2221 @!@!@
@!@!@STARTMSG 2221:0 @!@!@
  |line 84, col 16 to line 84, col 23 of module benor: 51269372
@!@!@ENDMSG 2221 @!@!@
@!@!@STARTMSG 2221:0 @!@!@
  line 85, col 17 to line 85, col 98 of module benor: 8006518
@!@!@ENDMSG 2221 @!@!@
@!@!@STARTMSG 2221:0 @!@!@
  |line 85, col 17 to line 85, col 87 of module benor: 8621963
@!@!@ENDMSG 2221 @!@!@
@!@!@STARTMSG 2221:0 @!@!@
  ||line 85, col 29 to line 85, col 86 of module benor: 8621963
@!@!@ENDMSG 2221 @!@!@
@!@!@STARTMSG 2221:0 @!@!@
  |||line 85, col 46 to line 85, col 85 of module benor: 606425932
@!@!@ENDMSG 2221 @!@!@
@!@!@STARTMSG 2221:0 @!@!@
  ||||line 85, col 46 to line 85, col 62 of module benor: 606425932
@!@!@ENDMSG 2221 @!@!@
@!@!@STARTMSG 2221:0 @!@!@
  ||||line 85, col 67 to line 85, col 85 of module benor: 151606483
@!@!@ENDMSG 2221 @!@!@
@!@!@STARTMSG 2221:0 @!@!@
  |||line 85, col 38 to line 85, col 42 of module benor: 8621963
@!@!@ENDMSG 2221 @!@!@
@!@!@STARTMSG 2221:0 @!@!@
  |line 85, col 93 to line 85, col 97 of module benor: 8621963
@!@!@ENDMSG 2221 @!@!@
@!@!@STARTMSG 2221:0 @!@!@
  line 86, col 16 to line 88, col 98 of module benor: 8006518
@!@!@ENDMSG 2221 @!@!@
@!@!@STARTMSG 2221:0 @!@!@
  |line 86, col 26 to line 88, col 97 of module benor: 8006518
@!@!@ENDMSG 2221 @!@!@
@!@!@STARTMSG 2221:0 @!@!@
  ||line 86, col 26 to line 86, col 30 of module benor: 8006518
@!@!@ENDMSG 2221 @!@!@
@!@!@STARTMSG 2775:0 @!@!@
  ||line 86, col 39 to line 88, col 97 of module benor: 8006518:40032590
@!@!@ENDMSG 2775 @!@!@
@!@!@STARTMSG 2221:0 @!@!@
  |||line 86, col 40 to line 86, col 97 of module benor: 32026072
@!@!@ENDMSG 2221 @!@!@
@!@!@STARTMSG 2221:0 @!@!@
  |||line 86, col 110 to line 86, col 114 of module benor: 8006518
@!@!@ENDMSG 2221 @!@!@
@!@!@STARTMSG 2221:0 @!@!@
  |||line 87, col 47 to line 88, col 96 of module benor: 8006518
@!@!@ENDMSG 2221 @!@!@
@!@!@STARTMSG 2221:0 @!@!@
  ||||line 87, col 50 to line 87, col 101 of module benor: 8006518
@!@!@ENDMSG 2221 @!@!@
@!@!@STARTMSG 2221:0 @!@!@
  |||||line 87, col 50 to line 87, col 97 of module benor: 8006518
@!@!@ENDMSG 2221 @!@!@
@!@!@STARTMSG 2221:0 @!@!@
  ||||||line 87, col 62 to line 87, col 96 of module benor: 8006518
@!@!@ENDMSG 2221 @!@!@
@!@!@STARTMSG 2221:0 @!@!@
  |||||||line 57, col 24 to line 58, col 79 of module benor: 8006518
@!@!@ENDMSG 2221 @!@!@
@!@!@STARTMSG 2221:0 @!@!@
  ||||||||line 57, col 38 to line 58, col 78 of module benor: 16013036
@!@!@ENDMSG 2221 @!@!@
@!@!@STARTMSG 2221:0 @!@!@
  |||||||||line 57, col 38 to line 58, col 74 of module benor: 16013036
@!@!@ENDMSG 2221 @!@!@
@!@!@STARTMSG 2221:0 @!@!@
  ||||||||||line 57, col 50 to line 58, col 73 of module benor: 16013036
@!@!@ENDMSG 2221 @!@!@
@!@!@STARTMSG 2221:0 @!@!@
  |||||||||||line 57, col 64 to line 58, col 72 of module benor: 1138967784
@!@!@ENDMSG 2221 @!@!@
@!@!@STARTMSG 2221:0 @!@!@
  ||||||||||||line 57, col 64 to line 58, col 52 of module benor: 1138967784
@!@!@ENDMSG 2221 @!@!@
@!@!@STARTMSG 2221:0 @!@!@
  |||||||||||||line 57, col 64 to line 57, col 80 of module benor: 1138967784
@!@!@ENDMSG 2221 @!@!@
@!@!@STARTMSG 2221:0 @!@!@
  |||||||||||||line 58, col 40 to line 58, col 52 of module benor: 284741946
@!@!@ENDMSG 2221 @!@!@
@!@!@STARTMSG 2221:0 @!@!@
  ||||||||||||line 58, col 57 to line 58, col 72 of module benor: 53914880
@!@!@ENDMSG 2221 @!@!@
@!@!@STARTMSG 2221:0 @!@!@
  |||||||||||line 57, col 59 to line 57, col 60 of module benor: 16013036
@!@!@ENDMSG 2221 @!@!@
@!@!@STARTMSG 2221:0 @!@!@
  |||||||||line 58, col 78 to line 58, col 78 of module benor: 16013036
@!@!@ENDMSG 2221 @!@!@
@!@!@STARTMSG 2221:0 @!@!@
  ||||||||line 57, col 31 to line 57, col 34 of module benor: 8006518
@!@!@ENDMSG 2221 @!@!@
@!@!@STARTMSG 2221:0 @!@!@
  |||||||line 87, col 69 to line 87, col 73 of module benor: 8006518
@!@!@ENDMSG 2221 @!@!@
@!@!@STARTMSG 2221:0 @!@!@
  |||||||line 87, col 75 to line 87, col 78 of module benor: 8006518
@!@!@ENDMSG 2221 @!@!@
@!@!@STARTMSG 2221:0 @!@!@
  |||||||line 87, col 80 to line 87, col 86 of module benor: 8006518
@!@!@ENDMSG 2221 @!@!@
@!@!@STARTMSG 2221:0 @!@!@
  |||||||line 87, col 88 to line 87, col 95 of module benor: 8006518
@!@!@ENDMSG 2221 @!@!@
@!@!@STARTMSG 2775:0 @!@!@
  ||||line 88, col 93 to line 88, col 96 of module benor: 8006518:16013036
@!@!@ENDMSG 2775 @!@!@
@!@!@STARTMSG 2221:0 @!@!@
  line 89, col 16 to line 89, col 47 of module benor: 8006518
@!@!@ENDMSG 2221 @!@!@
@!@!@STARTMSG 2221:0 @!@!@
  line 90, col 16 to line 90, col 51 of module benor: 8006518
@!@!@ENDMSG 2221 @!@!@
@!@!@STARTMSG 2772:0 @!@!@
<P2 line 92, col 1 to line 92, col 8 of module benor>: 3537919:12682814
@!@!@ENDMSG 2772 @!@!@
@!@!@STARTMSG 2221:0 @!@!@
  line 92, col 16 to line 92, col 30 of module benor: 63952186
@!@!@ENDMSG 2221 @!@!@
@!@!@STARTMSG 2221:0 @!@!@
  |line 92, col 16 to line 92, col 23 of module benor: 51269372
@!@!@ENDMSG 2221 @!@!@
@!@!@STARTMSG 2221:0 @!@!@
  line 93, col 17 to line 93, col 98 of module benor: 12682814
@!@!@ENDMSG 2221 @!@!@
@!@!@STARTMSG 2221:0 @!@!@
  |line 93, col 17 to line 93, col 87 of module benor: 13510830
@!@!@ENDMSG 2221 @!@!@
@!@!@STARTMSG 2221:0 @!@!@
  ||line 93, col 29 to line 93, col 86 of module benor: 13510830
@!@!@ENDMSG 2221 @!@!@
@!@!@STARTMSG 2221:0 @!@!@
  |||line 93, col 46 to line 93, col 85 of module benor: 926258544
@!@!@ENDMSG 2221 @!@!@
@!@!@STARTMSG 2221:0 @!@!@
  ||||line 93, col 46 to line 93, col 62 of module benor: 926258544
@!@!@ENDMSG 2221 @!@!@
@!@!@STARTMSG 2221:0 @!@!@
  ||||line 93, col 67 to line 93, col 85 of module benor: 231564636
@!@!@ENDMSG 2221 @!@!@
@!@!@STARTMSG 2221:0 @!@!@
  |||line 93, col 38 to line 93, col 42 of module benor: 13510830
@!@!@ENDMSG 2221 @!@!@
@!@!@STARTMSG 2221:0 @!@!@
  |line 93, col 93 to line 93, col 97 of module benor: 13510830
@!@!@ENDMSG 2221 @!@!@
@!@!@STARTMSG 2221:0 @!@!@
  line 94, col 19 to line 94, col 63 of module benor: 12682814
@!@!@ENDMSG 2221 @!@!@
@!@!@STARTMSG 2221:0 @!@!@
  |line 94, col 19 to line 94, col 59 of module benor: 12682814
@!@!@ENDMSG 2221 @!@!@
@!@!@STARTMSG 2221:0 @!@!@
  ||line 94, col 31 to line 94, col 58 of module benor: 12682814
@!@!@ENDMSG 2221 @!@!@
@!@!@STARTMSG 2221:0 @!@!@
  |||line 57, col 24 to line 58, col 79 of module benor: 12682814
@!@!@ENDMSG 2221 @!@!@
@!@!@STARTMSG 2221:0 @!@!@
  ||||line 57, col 38 to line 58, col 78 of module benor: 25365628
@!@!@ENDMSG 2221 @!@!@
@!@!@STARTMSG 2221:0 @!@!@
  |||||line 57, col 38 to line 58, col 74 of module benor: 25365628
@!@!@ENDMSG 2221 @!@!@
@!@!@STARTMSG 2221:0 @!@!@
  ||||||line 57, col 50 to line 58, col 73 of module benor: 25365628
@!@!@ENDMSG 2221 @!@!@
@!@!@STARTMSG 2221:0 @!@!@
  |||||||line 57, col 64 to line 58, col 72 of module benor: 1752242112
@!@!@ENDMSG 2221 @!@!@
@!@!@STARTMSG 2221:0 @!@!@
  ||||||||line 57, col 64 to line 58, col 52 of module benor: 1752242112
@!@!@ENDMSG 2221 @!@!@
@!@!@STARTMSG 2221:0 @!@!@
  |||||||||line 57, col 64 to line 57, col 80 of module benor: 1752242112
@!@!@ENDMSG 2221 @!@!@
@!@!@STARTMSG 2221:0 @!@!@
  |||||||||line 58, col 40 to line 58, col 52 of module benor: 438060528
@!@!@ENDMSG 2221 @!@!@
@!@!@STARTMSG 2221:0 @!@!@
  ||||||||line 58, col 57 to line 58, col 72 of module benor: 78767584
@!@!@ENDMSG 2221 @!@!@
@!@!@STARTMSG 2221:0 @!@!@
  |||||||line 57, col 59 to line 57, col 60 of module benor: 25365628
@!@!@ENDMSG 2221 @!@!@
@!@!@STARTMSG 2221:0 @!@!@
  |||||line 58, col 78 to line 58, col 78 of module benor: 25365628
@!@!@ENDMSG 2221 @!@!@
@!@!@STARTMSG 2221:0 @!@!@
  ||||line 57, col 31 to line 57, col 34 of module benor: 12682814
@!@!@ENDMSG 2221 @!@!@
@!@!@STARTMSG 2221:0 @!@!@
  |||line 94, col 38 to line 94, col 42 of module benor: 12682814
@!@!@ENDMSG 2221 @!@!@
@!@!@STARTMSG 2221:0 @!@!@
  |||line 94, col 44 to line 94, col 47 of module benor: 12682814
@!@!@ENDMSG 2221 @!@!@
@!@!@STARTMSG 2221:0 @!@!@
  |||line 94, col 49 to line 94, col 55 of module benor: 12682814
@!@!@ENDMSG 2221 @!@!@
@!@!@STARTMSG 2221:0 @!@!@
  |||line 94, col 57 to line 94, col 57 of module benor: 12682814
@!@!@ENDMSG 2221 @!@!@
@!@!@STARTMSG 2221:0 @!@!@
  line 95, col 27 to line 95, col 112 of module benor: 0
@!@!@ENDMSG 2221 @!@!@
@!@!@STARTMSG 2221:0 @!@!@
  line 96, col 27 to line 96, col 32 of module benor: 0
@!@!@ENDMSG 2221 @!@!@
@!@!@STARTMSG 2221:0 @!@!@
  line 97, col 30 to line 97, col 74 of module benor: 12682814
@!@!@ENDMSG 2221 @!@!@
@!@!@STARTMSG 2221:0 @!@!@
  |line 97, col 30 to line 97, col 70 of module benor: 12682814
@!@!@ENDMSG 2221 @!@!@
@!@!@STARTMSG 2221:0 @!@!@
  ||line 97, col 42 to line 97, col 69 of module benor: 12682814
@!@!@ENDMSG 2221 @!@!@
@!@!@STARTMSG 2221:0 @!@!@
  |||line 57, col 24 to line 58, col 79 of module benor: 12682814
@!@!@ENDMSG 2221 @!@!@
@!@!@STARTMSG 2221:0 @!@!@
  ||||line 57, col 38 to line 58, col 78 of module benor: 25365628
@!@!@ENDMSG 2221 @!@!@
@!@!@STARTMSG 2221:0 @!@!@
  |||||line 57, col 38 to line 58, col 74 of module benor: 25365628
@!@!@ENDMSG 2221 @!@!@
@!@!@STARTMSG 2221:0 @!@!@
  ||||||line 57, col 50 to line 58, col 73 of module benor: 25365628
@!@!@ENDMSG 2221 @!@!@
@!@!@STARTMSG 2221:0 @!@!@
  |||||||line 57, col 64 to line 58, col 72 of module benor: 1752242112
@!@!@ENDMSG 2221 @!@!@
@!@!@STARTMSG 2221:0 @!@!@
  ||||||||line 57, col 64 to line 58, col 52 of module benor: 1752242112
@!@!@ENDMSG 2221 @!@!@
@!@!@STARTMSG 2221:0 @!@!@
  |||||||||line 57, col 64 to line 57, col 80 of module benor: 1752242112
@!@!@ENDMSG 2221 @!@!@
@!@!@STARTMSG 2221:0 @!@!@
  |||||||||line 58, col 40 to line 58, col 52 of module benor: 438060528
@!@!@ENDMSG 2221 @!@!@
@!@!@STARTMSG 2221:0 @!@!@
  ||||||||line 58, col 57 to line 58, col 72 of module benor: 78767584
@!@!@ENDMSG 2221 @!@!@
@!@!@STARTMSG 2221:0 @!@!@
  |||||||line 57, col 59 to line 57, col 60 of module benor: 25365628
@!@!@ENDMSG 2221 @!@!@
@!@!@STARTMSG 2221:0 @!@!@
  |||||line 58, col 78 to line 58, col 78 of module benor: 25365628
@!@!@ENDMSG 2221 @!@!@
@!@!@STARTMSG 2221:0 @!@!@
  ||||line 57, col 31 to line 57, col 34 of module benor: 12682814
@!@!@ENDMSG 2221 @!@!@
@!@!@STARTMSG 2221:0 @!@!@
  |||line 97, col 49 to line 97, col 53 of module benor: 12682814
@!@!@ENDMSG 2221 @!@!@
@!@!@STARTMSG 2221:0 @!@!@
  |||line 97, col 55 to line 97, col 58 of module benor: 12682814
@!@!@ENDMSG 2221 @!@!@
@!@!@STARTMSG 2221:0 @!@!@
  |||line 97, col 60 to line 97, col 66 of module benor: 12682814
@!@!@ENDMSG 2221 @!@!@
@!@!@STARTMSG 2221:0 @!@!@
  line 98, col 38 to line 98, col 111 of module benor: 10681004
@!@!@ENDMSG 2221 @!@!@
@!@!@STARTMSG 2221:0 @!@!@
  |line 98, col 43 to line 98, col 111 of module benor: 10681004
@!@!@ENDMSG 2221 @!@!@
@!@!@STARTMSG 2221:0 @!@!@
  ||line 98, col 44 to line 98, col 44 of module benor: 10681004
@!@!@ENDMSG 2221 @!@!@
@!@!@STARTMSG 2221:0 @!@!@
  ||line 98, col 53 to line 98, col 110 of module benor: 10681004
@!@!@ENDMSG 2221 @!@!@
@!@!@STARTMSG 2221:0 @!@!@
  ||line 98, col 63 to line 98, col 110 of module benor: 10681004
@!@!@ENDMSG 2221 @!@!@
@!@!@STARTMSG 2221:0 @!@!@
  |||line 98, col 107 to line 98, col 110 of module benor: 10681004
@!@!@ENDMSG 2221 @!@!@
@!@!@STARTMSG 2221:0 @!@!@
  |||line 98, col 76 to line 98, col 103 of module benor: 10681004
@!@!@ENDMSG 2221 @!@!@
@!@!@STARTMSG 2775:0 @!@!@
  ||||line 57, col 24 to line 58, col 79 of module benor: 10681004:10681004
@!@!@ENDMSG 2775 @!@!@
@!@!@STARTMSG 2221:0 @!@!@
  |||||line 57, col 38 to line 58, col 78 of module benor: 21362008
@!@!@ENDMSG 2221 @!@!@
@!@!@STARTMSG 2221:0 @!@!@
  ||||||line 57, col 38 to line 58, col 74 of module benor: 21362008
@!@!@ENDMSG 2221 @!@!@
@!@!@STARTMSG 2221:0 @!@!@
  |||||||line 57, col 50 to line 58, col 73 of module benor: 21362008
@!@!@ENDMSG 2221 @!@!@
@!@!@STARTMSG 2221:0 @!@!@
  ||||||||line 57, col 64 to line 58, col 72 of module benor: 1483496784
@!@!@ENDMSG 2221 @!@!@
@!@!@STARTMSG 2221:0 @!@!@
  |||||||||line 57, col 64 to line 58, col 52 of module benor: 1483496784
@!@!@ENDMSG 2221 @!@!@
@!@!@STARTMSG 2221:0 @!@!@
  ||||||||||line 57, col 64 to line 57, col 80 of module benor: 1483496784
@!@!@ENDMSG 2221 @!@!@
@!@!@STARTMSG 2221:0 @!@!@
  ||||||||||line 58, col 40 to line 58, col 52 of module benor: 370874196
@!@!@ENDMSG 2221 @!@!@
@!@!@STARTMSG 2221:0 @!@!@
  |||||||||line 58, col 57 to line 58, col 72 of module benor: 69743860
@!@!@ENDMSG 2221 @!@!@
@!@!@STARTMSG 2221:0 @!@!@
  ||||||||line 57, col 59 to line 57, col 60 of module benor: 21362008
@!@!@ENDMSG 2221 @!@!@
@!@!@STARTMSG 2221:0 @!@!@
  ||||||line 58, col 78 to line 58, col 78 of module benor: 21362008
@!@!@ENDMSG 2221 @!@!@
@!@!@STARTMSG 2221:0 @!@!@
  |||||line 57, col 31 to line 57, col 34 of module benor: 10681004
@!@!@ENDMSG 2221 @!@!@
@!@!@STARTMSG 2221:0 @!@!@
  ||||line 98, col 83 to line 98, col 87 of module benor: 10681004
@!@!@ENDMSG 2221 @!@!@
@!@!@STARTMSG 2221:0 @!@!@
  ||||line 98, col 89 to line 98, col 92 of module benor: 10681004
@!@!@ENDMSG 2221 @!@!@
@!@!@STARTMSG 2221:0 @!@!@
  ||||line 98, col 94 to line 98, col 100 of module benor: 10681004
@!@!@ENDMSG 2221 @!@!@
@!@!@STARTMSG 2221:0 @!@!@
  line 99, col 35 to line 99, col 87 of module benor: 2001810
@!@!@ENDMSG 2221 @!@!@
@!@!@STARTMSG 2221:0 @!@!@
  line 100, col 27 to line 100, col 43 of module benor: 12682814
@!@!@ENDMSG 2221 @!@!@
@!@!@STARTMSG 2221:0 @!@!@
  line 101, col 16 to line 101, col 46 of module benor: 12682814
@!@!@ENDMSG 2221 @!@!@
@!@!@STARTMSG 2221:0 @!@!@
  line 102, col 16 to line 102, col 46 of module benor: 12682814
@!@!@ENDMSG 2221 @!@!@
@!@!@STARTMSG 2772:0 @!@!@
<Terminating line 107, col 1 to line 107, col 11 of module benor>: 0:32768
@!@!@ENDMSG 2772 @!@!@
@!@!@STARTMSG 2221:0 @!@!@
  line 107, col 40 to line 107, col 56 of module benor: 16525163
@!@!@ENDMSG 2221 @!@!@
@!@!@STARTMSG 2221:0 @!@!@
  |line 107, col 40 to line 107, col 47 of module benor: 16394091
@!@!@ENDMSG 2221 @!@!@
@!@!@STARTMSG 2221:0 @!@!@
  line 107, col 31 to line 107, col 37 of module benor: 12817343
@!@!@ENDMSG 2221 @!@!@
@!@!@STARTMSG 2221:0 @!@!@
  line 108, col 19 to line 108, col 32 of module benor: 32768
@!@!@ENDMSG 2221 @!@!@
@!@!@STARTMSG 2777:0 @!@!@
End of statistics (please note that for performance reasons large models
are best checked with coverage and cost statistics disabled).
@!@!@ENDMSG 2777 @!@!@
@!@!@STARTMSG 2200:0 @!@!@
Progress(65) at 2019-11-19 16:52:49: 39,293,422 states generated (2,475,961 s/min), 12,817,343 distinct states found (807,647 ds/min), 0 states left on queue.
@!@!@ENDMSG 2200 @!@!@
@!@!@STARTMSG 2199:0 @!@!@
39293422 states generated, 12817343 distinct states found, 0 states left on queue.
@!@!@ENDMSG 2199 @!@!@
@!@!@STARTMSG 2194:0 @!@!@
The depth of the complete state graph search is 65.
@!@!@ENDMSG 2194 @!@!@
@!@!@STARTMSG 2268:0 @!@!@
The average outdegree of the complete state graph is 1 (minimum is 0, the maximum 4 and the 95th percentile is 2).
@!@!@ENDMSG 2268 @!@!@
@!@!@STARTMSG 2186:0 @!@!@
Finished in 952433ms at (2019-11-19 16:52:49)
@!@!@ENDMSG 2186 @!@!@
